       Step     Time          Energy         fmax
MDMin:    0 13:59:15  -179859.864895        0.2622
       Step     Time          Energy         fmax
*Force-consistent energies used in optimization.
LBFGS:    0 13:59:15  -179859.864895*       0.2622
LBFGS:    1 14:10:00  -179859.866635*       0.1102
LBFGS:    2 14:20:39  -179859.867663*       0.1222
LBFGS:    3 14:31:15  -179859.868425*       0.1892
LBFGS:    4 14:42:10  -179859.869598*       0.1718
LBFGS:    5 14:52:57  -179859.870561*       0.1077
LBFGS:    6 15:03:53  -179859.871496*       0.1462
LBFGS:    7 15:14:22  -179859.872106*       0.0980
LBFGS:    8 15:25:18  -179859.873026*       0.1567
LBFGS:    9 15:36:08  -179859.873921*       0.0869
LBFGS:   10 15:47:04  -179859.874413*       0.0961
LBFGS:   11 15:57:43  -179859.875113*       0.0519
LBFGS:   12 16:08:21  -179859.875277*       0.0625
LBFGS:   13 16:19:30  -179859.875519*       0.0580
LBFGS:   14 16:30:16  -179859.875810*       0.0738
LBFGS:   15 16:41:04  -179859.876017*       0.0492
LBFGS:   16 16:51:48  -179859.876207*       0.0748
LBFGS:   17 17:02:41  -179859.876088*       0.0895
LBFGS:   18 17:13:33  -179859.876087*       0.0527
