       Step     Time          Energy         fmax
MDMin:    0 13:59:15  -179859.864895        0.2622
       Step     Time          Energy         fmax
*Force-consistent energies used in optimization.
LBFGS:    0 13:59:15  -179859.864895*       0.2622
LBFGS:    1 14:10:00  -179859.866635*       0.1102
LBFGS:    2 14:20:39  -179859.867663*       0.1222
LBFGS:    3 14:31:15  -179859.868425*       0.1892
LBFGS:    4 14:42:10  -179859.869598*       0.1718
LBFGS:    5 14:52:57  -179859.870561*       0.1077
LBFGS:    6 15:03:53  -179859.871496*       0.1462
LBFGS:    7 15:14:22  -179859.872106*       0.0980
LBFGS:    8 15:25:18  -179859.873026*       0.1567
LBFGS:    9 15:36:08  -179859.873921*       0.0869
LBFGS:   10 15:47:04  -179859.874413*       0.0961
LBFGS:   11 15:57:43  -179859.875113*       0.0519
LBFGS:   12 16:08:21  -179859.875277*       0.0625
LBFGS:   13 16:19:30  -179859.875519*       0.0580
LBFGS:   14 16:30:16  -179859.875810*       0.0738
LBFGS:   15 16:41:04  -179859.876017*       0.0492
LBFGS:   16 16:51:48  -179859.876207*       0.0748
LBFGS:   17 17:02:41  -179859.876088*       0.0895
LBFGS:   18 17:13:33  -179859.876087*       0.0527
LBFGS:   19 17:24:13  -179859.876419*       0.0753
LBFGS:   20 17:35:00  -179859.876718*       0.0664
LBFGS:   21 17:45:44  -179859.872037*       0.1728
LBFGS:   22 17:56:30  -179859.876947*       0.0567
LBFGS:   23 18:07:23  -179859.877011*       0.0479
LBFGS:   24 18:18:18  -179859.877119*       0.0699
LBFGS:   25 18:29:07  -179859.877536*       0.0562
LBFGS:   26 18:40:05  -179859.877463*       0.0753
LBFGS:   27 18:50:50  -179859.877872*       0.0639
LBFGS:   28 19:01:38  -179859.878089*       0.0699
LBFGS:   29 19:12:21  -179859.878493*       0.0690
LBFGS:   30 19:23:15  -179859.878687*       0.0870
LBFGS:   31 19:33:52  -179859.879169*       0.0559
LBFGS:   32 19:44:31  -179859.879692*       0.0670
LBFGS:   33 19:55:18  -179859.879072*       0.1176
LBFGS:   34 20:06:11  -179859.880037*       0.0636
LBFGS:   35 20:17:00  -179859.880350*       0.0737
LBFGS:   36 20:27:48  -179859.880583*       0.0582
LBFGS:   37 20:38:39  -179859.880911*       0.0445
LBFGS:   38 20:49:30  -179859.880876*       0.0854
LBFGS:   39 21:00:19  -179859.881121*       0.0942
LBFGS:   40 21:11:06  -179859.881786*       0.1349
LBFGS:   41 21:21:48  -179859.882688*       0.1425
LBFGS:   42 21:32:35  -179859.883642*       0.0965
LBFGS:   43 21:43:31  -179859.884950*       0.1004
LBFGS:   44 21:54:12  -179859.868059*       0.6677
LBFGS:   45 22:05:12  -179859.887468*       0.1215
LBFGS:   46 22:16:05  -179859.888206*       0.1002
LBFGS:   47 22:26:56  -179859.889550*       0.2034
LBFGS:   48 22:37:41  -179859.891952*       0.1715
LBFGS:   49 22:48:29  -179859.869342*       0.7696
LBFGS:   50 22:59:12  -179859.894523*       0.1630
LBFGS:   51 23:09:55  -179859.895989*       0.0977
LBFGS:   52 23:20:43  -179859.877900*       0.9059
LBFGS:   53 23:31:36  -179859.900387*       0.1223
LBFGS:   54 23:42:27  -179859.902399*       0.1097
LBFGS:   55 23:53:08  -179859.903306*       0.0948
LBFGS:   56 00:03:55  -179859.904649*       0.0826
LBFGS:   57 00:14:23  -179859.906125*       0.0961
LBFGS:   58 00:25:19  -179859.906985*       0.0690
LBFGS:   59 00:35:59  -179859.907311*       0.0558
LBFGS:   60 00:46:44  -179859.907596*       0.0611
LBFGS:   61 00:57:30  -179859.907912*       0.0733
LBFGS:   62 01:08:05  -179859.907799*       0.0897
LBFGS:   63 01:18:46  -179859.907931*       0.0730
LBFGS:   64 01:29:32  -179859.908202*       0.0996
LBFGS:   65 01:40:11  -179859.908273*       0.0605
LBFGS:   66 01:50:45  -179859.908229*       0.0624
LBFGS:   67 02:01:19  -179859.908391*       0.0607
LBFGS:   68 02:12:00  -179859.908514*       0.0766
LBFGS:   69 02:22:37  -179859.908623*       0.0651
LBFGS:   70 02:33:19  -179859.908752*       0.0630
LBFGS:   71 02:44:16  -179859.908963*       0.0802
LBFGS:   72 02:54:55  -179859.909233*       0.0741
LBFGS:   73 03:05:57  -179859.908956*       0.1323
LBFGS:   74 03:16:55  -179859.909895*       0.0730
LBFGS:   75 03:27:45  -179859.910368*       0.0678
LBFGS:   76 03:38:32  -179859.910438*       0.0686
LBFGS:   77 03:49:24  -179859.911314*       0.0676
LBFGS:   78 04:00:21  -179859.908411*       0.1833
LBFGS:   79 04:11:31  -179859.912340*       0.0687
LBFGS:   80 04:22:19  -179859.912776*       0.0707
LBFGS:   81 04:33:15  -179859.913113*       0.0568
LBFGS:   82 04:43:59  -179859.911990*       0.1377
LBFGS:   83 04:54:41  -179859.913704*       0.0860
LBFGS:   84 05:05:33  -179859.914562*       0.0664
LBFGS:   85 05:16:23  -179859.914849*       0.0739
LBFGS:   86 05:27:08  -179859.912369*       0.1242
LBFGS:   87 05:37:52  -179859.913544*       0.0843
LBFGS:   88 05:48:47  -179859.914241*       0.0766
LBFGS:   89 05:59:40  -179859.915281*       0.0943
LBFGS:   90 06:10:27  -179859.915821*       0.0769
LBFGS:   91 06:21:14  -179859.915675*       0.0990
LBFGS:   92 06:32:01  -179859.916271*       0.0766
LBFGS:   93 06:42:49  -179859.906925*       0.4695
LBFGS:   94 06:53:42  -179859.916690*       0.0810
LBFGS:   95 07:04:23  -179859.917386*       0.0912
LBFGS:   96 07:15:06  -179859.916992*       0.0757
LBFGS:   97 07:25:50  -179859.917583*       0.0754
LBFGS:   98 07:36:27  -179859.917936*       0.0976
LBFGS:   99 07:47:11  -179859.890882*       0.3731
LBFGS:  100 07:57:50  -179859.918689*       0.0843
LBFGS:  101 08:08:27  -179859.919073*       0.0786
LBFGS:  102 08:19:13  -179859.919596*       0.0953
LBFGS:  103 08:30:01  -179859.919994*       0.1006
LBFGS:  104 08:40:30  -179859.921139*       0.0802
LBFGS:  105 08:51:09  -179859.921470*       0.0562
LBFGS:  106 09:01:52  -179859.921589*       0.0793
LBFGS:  107 09:12:33  -179859.922032*       0.0560
LBFGS:  108 09:23:22  -179859.922405*       0.0528
LBFGS:  109 09:34:12  -179859.922416*       0.0645
LBFGS:  110 09:44:59  -179859.922785*       0.0642
LBFGS:  111 09:55:51  -179859.922903*       0.0523
LBFGS:  112 10:06:37  -179859.923080*       0.0544
LBFGS:  113 10:17:24  -179859.923136*       0.0600
LBFGS:  114 10:28:25  -179859.922845*       0.0555
LBFGS:  115 10:39:07  -179859.922709*       0.0566
LBFGS:  116 10:49:51  -179859.923208*       0.0487
LBFGS:  117 11:00:34  -179859.923278*       0.0418
LBFGS:  118 11:11:21  -179859.923375*       0.0557
LBFGS:  119 11:21:55  -179859.921682*       0.0851
LBFGS:  120 11:32:45  -179859.923185*       0.0523
LBFGS:  121 11:43:29  -179859.923439*       0.0558
LBFGS:  122 11:54:08  -179859.923409*       0.0560
LBFGS:  123 12:04:51  -179859.923476*       0.0492
LBFGS:  124 12:15:25  -179859.923447*       0.0388
LBFGS:  125 12:26:23  -179859.923493*       0.0534
LBFGS:  126 12:37:03  -179859.922430*       0.0725
LBFGS:  127 12:47:43  -179859.923426*       0.0400
LBFGS:  128 12:58:35  -179859.922183*       0.0810
LBFGS:  129 13:09:13  -179859.923594*       0.0515
LBFGS:  130 13:19:54  -179859.923382*       0.0363
LBFGS:  131 13:30:37  -179859.923628*       0.0599
LBFGS:  132 13:41:09  -179859.923360*       0.0591
       Step     Time          Energy         fmax
MDMin:    0 04:54:36  -179859.923358        0.0890
      Step     Time          Energy         fmax
BFGS:    0 04:54:36  -179859.923358        0.0890
BFGS:    1 05:05:10  -179859.923466        0.0509
BFGS:    2 05:15:36  -179859.923610        0.0366
BFGS:    3 05:26:15  -179859.923634        0.0461
BFGS:    4 05:37:03  -179859.923452        0.0705
BFGS:    5 05:47:49  -179859.923596        0.0556
BFGS:    6 05:58:24  -179859.923729        0.0510
BFGS:    7 06:08:58  -179859.923769        0.0478
BFGS:    8 06:19:47  -179859.923714        0.0557
BFGS:    9 06:30:22  -179859.923682        0.0493
BFGS:   10 06:40:54  -179859.923518        0.0739
BFGS:   11 06:51:40  -179859.923758        0.0592
BFGS:   12 07:02:07  -179859.923791        0.0529
BFGS:   13 07:12:43  -179859.923824        0.0469
BFGS:   14 07:23:16  -179859.923783        0.0433
BFGS:   15 07:34:02  -179859.923845        0.0413
BFGS:   16 07:44:36  -179859.923841        0.0545
BFGS:   17 07:55:00  -179859.923882        0.0497
BFGS:   18 08:05:43  -179859.923700        0.0454
BFGS:   19 08:16:18  -179859.923826        0.0424
BFGS:   20 08:26:51  -179859.922185        0.1758
BFGS:   21 08:37:23  -179859.923929        0.0526
BFGS:   22 08:48:02  -179859.923893        0.0448
BFGS:   23 08:58:34  -179859.923889        0.0506
BFGS:   24 09:09:12  -179859.923877        0.0544
BFGS:   25 09:19:42  -179859.923956        0.0313
BFGS:   26 09:30:09  -179859.923958        0.0433
BFGS:   27 09:40:40  -179859.923791        0.0560
BFGS:   28 09:51:12  -179859.923968        0.0546
BFGS:   29 10:01:42  -179859.924011        0.0577
BFGS:   30 10:12:13  -179859.923918        0.0477
BFGS:   31 10:22:49  -179859.924012        0.0524
BFGS:   32 10:33:22  -179859.923867        0.0690
BFGS:   33 10:44:09  -179859.924070        0.0431
BFGS:   34 10:54:45  -179859.924086        0.0517
BFGS:   35 11:05:18  -179859.924089        0.0510
BFGS:   36 11:15:46  -179859.924089        0.0489
BFGS:   37 11:26:23  -179859.924057        0.0418
BFGS:   38 11:37:16  -179859.924042        0.0306
BFGS:   39 11:47:54  -179859.923829        0.0511
BFGS:   40 11:58:30  -179859.923986        0.0487
BFGS:   41 12:09:07  -179859.923971        0.0587
BFGS:   42 12:19:36  -179859.924053        0.0477
BFGS:   43 12:30:09  -179859.923754        0.0483
BFGS:   44 12:40:41  -179859.924124        0.0521
BFGS:   45 12:51:31  -179859.924109        0.0439
BFGS:   46 13:01:59  -179859.923922        0.0462
BFGS:   47 13:12:40  -179859.923881        0.0472
BFGS:   48 13:23:06  -179859.923999        0.0511
BFGS:   49 13:33:35  -179859.923906        0.0513
BFGS:   50 13:44:06  -179859.924110        0.0416
BFGS:   51 13:54:45  -179859.898411        0.4565
BFGS:   52 14:05:25  -179859.923984        0.0688
BFGS:   53 14:16:00  -179859.924168        0.0460
BFGS:   54 14:26:30  -179859.924088        0.0498
BFGS:   55 14:36:55  -179859.924111        0.0329
BFGS:   56 14:47:29  -179859.924107        0.0525
BFGS:   57 14:58:07  -179859.924083        0.0501
BFGS:   58 15:08:53  -179859.924110        0.0508
BFGS:   59 15:19:31  -179859.924152        0.0561
BFGS:   60 15:30:10  -179859.923771        0.0566
BFGS:   61 15:40:39  -179859.924137        0.0380
BFGS:   62 15:51:18  -179859.924170        0.0437
BFGS:   63 16:01:55  -179859.924200        0.0442
BFGS:   64 16:12:28  -179859.923922        0.0555
BFGS:   65 16:23:07  -179859.924186        0.0490
BFGS:   66 16:33:32  -179859.924239        0.0447
BFGS:   67 16:44:01  -179859.924096        0.0434
BFGS:   68 16:54:43  -179859.924219        0.0462
BFGS:   69 17:05:28  -179859.923644        0.0632
BFGS:   70 17:16:08  -179859.924238        0.0430
BFGS:   71 17:26:44  -179859.924245        0.0386
BFGS:   72 17:37:06  -179859.924117        0.0490
BFGS:   73 17:47:33  -179859.924219        0.0451
BFGS:   74 17:58:04  -179859.924166        0.0519
BFGS:   75 18:08:36  -179859.924244        0.0501
BFGS:   76 18:19:13  -179859.924232        0.0388
BFGS:   77 18:29:41  -179859.922447        0.1052
BFGS:   78 18:40:12  -179859.924151        0.0417
BFGS:   79 18:50:38  -179859.924121        0.0507
BFGS:   80 19:01:11  -179859.924262        0.0577
BFGS:   81 19:11:49  -179859.924249        0.0582
BFGS:   82 19:22:23  -179859.924141        0.0514
BFGS:   83 19:32:56  -179859.924237        0.0389
BFGS:   84 19:43:36  -179859.924272        0.0502
BFGS:   85 19:54:11  -179859.924240        0.0613
BFGS:   86 20:04:37  -179859.924243        0.0458
BFGS:   87 20:15:09  -179859.924254        0.0476
BFGS:   88 20:25:58  -179859.924230        0.0576
BFGS:   89 20:36:32  -179859.924302        0.0477
BFGS:   90 20:47:24  -179859.878415        0.5081
BFGS:   91 20:57:52  -179859.924130        0.0791
BFGS:   92 21:08:13  -179859.924149        0.0430
BFGS:   93 21:18:43  -179859.924239        0.0429
BFGS:   94 21:29:29  -179859.924217        0.0492
BFGS:   95 21:39:59  -179859.923807        0.0607
BFGS:   96 21:50:35  -179859.924211        0.0420
BFGS:   97 22:01:15  -179859.923507        0.0871
BFGS:   98 22:11:42  -179859.924239        0.0451
BFGS:   99 22:22:12  -179859.924271        0.0407
BFGS:  100 22:32:40  -179859.924312        0.0568
BFGS:  101 22:43:28  -179859.924277        0.0492
BFGS:  102 22:53:52  -179859.923943        0.0634
BFGS:  103 23:04:32  -179859.924252        0.0396
BFGS:  104 23:15:08  -179859.924287        0.0355
BFGS:  105 23:25:46  -179859.924305        0.0502
BFGS:  106 23:36:29  -179859.924304        0.0373
BFGS:  107 23:46:57  -179859.924265        0.0478
BFGS:  108 23:57:28  -179859.924319        0.0454
BFGS:  109 00:07:58  -179859.923927        0.0663
BFGS:  110 00:18:39  -179859.924361        0.0413
BFGS:  111 00:29:14  -179859.924215        0.0504
BFGS:  112 00:39:33  -179859.924334        0.0600
BFGS:  113 00:50:06  -179859.924297        0.0386
BFGS:  114 01:00:43  -179859.924218        0.0381
BFGS:  115 01:11:11  -179859.924232        0.0413
BFGS:  116 01:21:51  -179859.924322        0.0523
BFGS:  117 01:32:44  -179859.923840        0.1043
BFGS:  118 01:43:21  -179859.924359        0.0470
BFGS:  119 01:54:01  -179859.924353        0.0569
BFGS:  120 02:04:30  -179859.924352        0.0411
BFGS:  121 02:15:21  -179859.924353        0.0443
BFGS:  122 02:25:58  -179859.924216        0.0555
BFGS:  123 02:36:24  -179859.924406        0.0462
BFGS:  124 02:46:59  -179859.924366        0.0503
BFGS:  125 02:57:29  -179859.924272        0.0429
BFGS:  126 03:07:59  -179859.924369        0.0451
BFGS:  127 03:18:31  -179859.924322        0.0520
BFGS:  128 03:29:01  -179859.924257        0.0509
BFGS:  129 03:39:34  -179859.924338        0.0469
BFGS:  130 03:50:07  -179859.922292        0.1351
BFGS:  131 04:00:46  -179859.924293        0.0471
BFGS:  132 04:11:30  -179859.924270        0.0588
BFGS:  133 04:22:08  -179859.924412        0.0491
BFGS:  134 04:32:35  -179859.923637        0.0679
BFGS:  135 04:43:15  -179859.924337        0.0487
