Parent calc is : <ase.calculators.espresso.Espresso object at 0x2ab0b0cf20a0>
OnlineLearner: Parent calculation required
Time to call parent (call #1): 1162.662117242813
Time to train gemnet_t on 1 pts: 401.6954231262207 seconds
uncertainty: None, tolerance: None
      Step     Time          Energy         fmax
BFGS:    0 17:49:42  -179859.047071        0.7266
uncertainty: 0.01, tolerance: 2
BFGS:    1 17:49:44       -1.231788        0.6948
uncertainty: 0.02, tolerance: 2
BFGS:    2 17:49:45       -1.236421        0.1204
uncertainty: 0.03, tolerance: 2
BFGS:    3 17:49:46       -1.242845        0.1473
uncertainty: 0.04, tolerance: 2
BFGS:    4 17:49:47       -1.253820        0.3471
uncertainty: 0.05, tolerance: 2
BFGS:    5 17:49:49       -1.255527        0.4624
uncertainty: 0.06, tolerance: 2
BFGS:    6 17:49:50       -1.242756        0.4453
uncertainty: 0.07, tolerance: 2
BFGS:    7 17:49:51       -1.228536        0.2657
uncertainty: 0.08, tolerance: 2
BFGS:    8 17:49:52       -1.204134        0.1477
uncertainty: 0.09, tolerance: 2
BFGS:    9 17:49:54       -1.200237        0.1880
uncertainty: 0.1, tolerance: 2
BFGS:   10 17:49:55       -1.194291        0.1916
11 steps since last query, querying every 10 so check with parent
OnlineLearner: Parent calculation required
Time to call parent (call #2): 1140.6342628002167
Time to train gemnet_t on 1 pts: 461.4536292552948 seconds
uncertainty: 0.11, tolerance: 2
BFGS:   11 18:16:39  -179859.240818        0.4053
uncertainty: 0.02, tolerance: 2
BFGS:   12 18:16:41       -0.918442        0.6015
uncertainty: 0.03, tolerance: 2
BFGS:   13 18:16:42       -1.053897        0.2490
uncertainty: 0.04, tolerance: 2
BFGS:   14 18:16:43       -1.102514        0.1725
uncertainty: 0.05, tolerance: 2
BFGS:   15 18:16:44       -1.105274        0.1605
uncertainty: 0.06, tolerance: 2
BFGS:   16 18:16:45       -1.080937        0.1927
uncertainty: 0.07, tolerance: 2
BFGS:   17 18:16:46       -1.061743        0.1790
uncertainty: 0.08, tolerance: 2
BFGS:   18 18:16:47       -1.029822        0.1275
uncertainty: 0.09, tolerance: 2
BFGS:   19 18:16:47       -1.016783        0.1160
uncertainty: 0.1, tolerance: 2
BFGS:   20 18:16:48       -1.007042        0.1599
uncertainty: 0.11, tolerance: 2
BFGS:   21 18:16:49       -1.017114        0.1351
11 steps since last query, querying every 10 so check with parent
OnlineLearner: Parent calculation required
Time to call parent (call #3): 1179.0409195423126
Time to train gemnet_t on 1 pts: 374.8240542411804 seconds
uncertainty: 0.12, tolerance: 2
BFGS:   22 18:42:45  -179859.385760        0.2670
uncertainty: 0.02, tolerance: 2
BFGS:   23 18:42:46       -0.891325        0.2926
uncertainty: 0.03, tolerance: 2
BFGS:   24 18:42:47       -0.857529        0.2127
uncertainty: 0.04, tolerance: 2
BFGS:   25 18:42:47       -0.844124        0.1935
uncertainty: 0.05, tolerance: 2
BFGS:   26 18:42:48       -0.825209        0.1825
uncertainty: 0.06, tolerance: 2
BFGS:   27 18:42:48       -0.806239        0.3268
uncertainty: 0.07, tolerance: 2
BFGS:   28 18:42:48       -0.791037        0.3645
uncertainty: 0.08, tolerance: 2
BFGS:   29 18:42:49       -0.785502        0.2425
uncertainty: 0.09, tolerance: 2
BFGS:   30 18:42:49       -0.782655        0.1660
uncertainty: 0.1, tolerance: 2
BFGS:   31 18:42:50       -0.772098        0.1056
uncertainty: 0.11, tolerance: 2
BFGS:   32 18:42:50       -0.762451        0.1488
11 steps since last query, querying every 10 so check with parent
OnlineLearner: Parent calculation required
Time to call parent (call #4): 1185.733554840088
Time to train gemnet_t on 1 pts: 535.1199369430542 seconds
uncertainty: 0.12, tolerance: 2
BFGS:   33 19:11:33  -179859.435095        0.3628
uncertainty: 0.02, tolerance: 2
BFGS:   34 19:11:34       -0.870990        0.2072
uncertainty: 0.03, tolerance: 2
BFGS:   35 19:11:36       -0.880769        0.1944
uncertainty: 0.04, tolerance: 2
BFGS:   36 19:11:37       -0.873805        0.1910
uncertainty: 0.05, tolerance: 2
BFGS:   37 19:11:39       -0.900355        0.1474
uncertainty: 0.06, tolerance: 2
BFGS:   38 19:11:40       -0.930677        0.1601
uncertainty: 0.07, tolerance: 2
BFGS:   39 19:11:41       -0.943435        0.1941
uncertainty: 0.08, tolerance: 2
BFGS:   40 19:11:42       -0.959273        0.2077
uncertainty: 0.09, tolerance: 2
BFGS:   41 19:11:44       -0.961980        0.1515
uncertainty: 0.1, tolerance: 2
BFGS:   42 19:11:45       -0.954086        0.1048
uncertainty: 0.11, tolerance: 2
BFGS:   43 19:11:46       -0.939016        0.1763
11 steps since last query, querying every 10 so check with parent
OnlineLearner: Parent calculation required
Time to call parent (call #5): 1175.4386155605316
Time to train gemnet_t on 1 pts: 486.65354323387146 seconds
uncertainty: 0.12, tolerance: 2
BFGS:   44 19:39:31  -179859.451904        0.4579
uncertainty: 0.02, tolerance: 2
BFGS:   45 19:39:32       -0.789354        0.2835
uncertainty: 0.03, tolerance: 2
BFGS:   46 19:39:33       -0.767352        0.2058
uncertainty: 0.04, tolerance: 2
BFGS:   47 19:39:35       -0.780185        0.1995
uncertainty: 0.05, tolerance: 2
BFGS:   48 19:39:36       -0.796853        0.1896
uncertainty: 0.06, tolerance: 2
BFGS:   49 19:39:37       -0.766126        0.1358
uncertainty: 0.07, tolerance: 2
BFGS:   50 19:39:38       -0.711436        0.1184
uncertainty: 0.08, tolerance: 2
BFGS:   51 19:39:40       -0.717912        0.0962
uncertainty: 0.09, tolerance: 2
BFGS:   52 19:39:41       -0.701688        0.0744
uncertainty: 0.1, tolerance: 2
BFGS:   53 19:39:42       -0.686679        0.0659
uncertainty: 0.11, tolerance: 2
BFGS:   54 19:39:44       -0.675643        0.0732
11 steps since last query, querying every 10 so check with parent
OnlineLearner: Parent calculation required
Time to call parent (call #6): 1175.8052690029144
Time to train gemnet_t on 1 pts: 517.7423884868622 seconds
uncertainty: 0.12, tolerance: 2
BFGS:   55 20:07:59  -179859.444230        0.5942
uncertainty: 0.02, tolerance: 2
BFGS:   56 20:08:00       -0.801656        0.1831
uncertainty: 0.03, tolerance: 2
BFGS:   57 20:08:01       -0.735951        0.1659
uncertainty: 0.04, tolerance: 2
BFGS:   58 20:08:03       -0.638397        0.1608
uncertainty: 0.05, tolerance: 2
BFGS:   59 20:08:04       -0.642648        0.1503
uncertainty: 0.06, tolerance: 2
BFGS:   60 20:08:05       -0.669685        0.0930
uncertainty: 0.07, tolerance: 2
BFGS:   61 20:08:06       -0.689940        0.0860
uncertainty: 0.08, tolerance: 2
BFGS:   62 20:08:07       -0.694073        0.0714
uncertainty: 0.09, tolerance: 2
BFGS:   63 20:08:09       -0.683914        0.0750
uncertainty: 0.1, tolerance: 2
BFGS:   64 20:08:10       -0.664848        0.1196
uncertainty: 0.11, tolerance: 2
BFGS:   65 20:08:11       -0.648813        0.1180
11 steps since last query, querying every 10 so check with parent
OnlineLearner: Parent calculation required
Time to call parent (call #7): 1178.3854467868805
Time to train gemnet_t on 1 pts: 534.2482619285583 seconds
uncertainty: 0.12, tolerance: 2
BFGS:   66 20:36:46  -179859.421223        0.4816
uncertainty: 0.02, tolerance: 2
BFGS:   67 20:36:48       -0.764409        0.1921
uncertainty: 0.03, tolerance: 2
BFGS:   68 20:36:49       -0.840686        0.0521
uncertainty: 0.04, tolerance: 2
BFGS:   69 20:36:50       -0.848822        0.0523
Force below threshold: check with parent
OnlineLearner: Parent calculation required
Time to call parent (call #8): 1184.162297964096
Time to train gemnet_t on 1 pts: 383.98791313171387 seconds
uncertainty: 0.05, tolerance: 2
BFGS:   70 21:03:01  -179859.472056        0.2286
uncertainty: 0.02, tolerance: 2
BFGS:   71 21:03:01       -0.816188        0.0986
uncertainty: 0.03, tolerance: 2
BFGS:   72 21:03:02       -0.756178        0.0871
uncertainty: 0.04, tolerance: 2
BFGS:   73 21:03:03       -0.734613        0.0803
uncertainty: 0.05, tolerance: 2
BFGS:   74 21:03:04       -0.739303        0.0760
uncertainty: 0.06, tolerance: 2
BFGS:   75 21:03:05       -0.749572        0.0652
Force below threshold: check with parent
OnlineLearner: Parent calculation required
Time to call parent (call #9): 1180.1626071929932
Time to train gemnet_t on 1 pts: 444.50749802589417 seconds
uncertainty: 0.07, tolerance: 2
BFGS:   76 21:30:11  -179859.485593        0.1783
uncertainty: 0.02, tolerance: 2
BFGS:   77 21:30:12       -0.812711        0.1160
uncertainty: 0.03, tolerance: 2
BFGS:   78 21:30:13       -0.795303        0.0778
uncertainty: 0.04, tolerance: 2
BFGS:   79 21:30:14       -0.750412        0.0779
uncertainty: 0.05, tolerance: 2
BFGS:   80 21:30:15       -0.751704        0.0714
uncertainty: 0.06, tolerance: 2
BFGS:   81 21:30:16       -0.725396        0.1151
uncertainty: 0.07, tolerance: 2
BFGS:   82 21:30:17       -0.721681        0.0772
uncertainty: 0.08, tolerance: 2
BFGS:   83 21:30:18       -0.688731        0.0751
uncertainty: 0.09, tolerance: 2
BFGS:   84 21:30:19       -0.638306        0.0739
uncertainty: 0.1, tolerance: 2
BFGS:   85 21:30:20       -0.657924        0.0705
uncertainty: 0.11, tolerance: 2
BFGS:   86 21:30:21       -0.671548        0.0549
11 steps since last query, querying every 10 so check with parent
OnlineLearner: Parent calculation required
Time to call parent (call #10): 1168.9420099258423
Time to train gemnet_t on 1 pts: 380.7291376590729 seconds
uncertainty: 0.12, tolerance: 2
BFGS:   87 21:56:12  -179859.450038        0.4581
uncertainty: 0.02, tolerance: 2
BFGS:   88 21:56:13       -0.861693        0.1134
uncertainty: 0.03, tolerance: 2
BFGS:   89 21:56:14       -0.756672        0.0876
uncertainty: 0.04, tolerance: 2
BFGS:   90 21:56:15       -0.778298        0.0583
Force below threshold: check with parent
OnlineLearner: Parent calculation required
Time to call parent (call #11): 1183.3845708370209
Time to train gemnet_t on 1 pts: 392.4266152381897 seconds
uncertainty: 0.05, tolerance: 2
BFGS:   91 22:22:32  -179859.465473        0.2271
uncertainty: 0.02, tolerance: 2
BFGS:   92 22:22:33       -0.823568        0.0975
uncertainty: 0.03, tolerance: 2
BFGS:   93 22:22:34       -0.734020        0.0921
uncertainty: 0.04, tolerance: 2
BFGS:   94 22:22:35       -0.642622        0.1268
uncertainty: 0.05, tolerance: 2
BFGS:   95 22:22:36       -0.691384        0.1083
uncertainty: 0.06, tolerance: 2
BFGS:   96 22:22:37       -0.695219        0.1052
uncertainty: 0.07, tolerance: 2
BFGS:   97 22:22:38       -0.685214        0.1072
uncertainty: 0.08, tolerance: 2
BFGS:   98 22:22:39       -0.675342        0.0748
uncertainty: 0.09, tolerance: 2
BFGS:   99 22:22:39       -0.682903        0.0691
uncertainty: 0.1, tolerance: 2
BFGS:  100 22:22:40       -0.677807        0.0866
uncertainty: 0.11, tolerance: 2
BFGS:  101 22:22:41       -0.674732        0.0861
11 steps since last query, querying every 10 so check with parent
OnlineLearner: Parent calculation required
Time to call parent (call #12): 1173.500653743744
Time to train gemnet_t on 1 pts: 491.30073404312134 seconds
uncertainty: 0.12, tolerance: 2
BFGS:  102 22:50:28  -179859.472111        0.2275
uncertainty: 0.02, tolerance: 2
BFGS:  103 22:50:30       -0.784302        0.0832
uncertainty: 0.03, tolerance: 2
BFGS:  104 22:50:31       -0.810804        0.0831
uncertainty: 0.04, tolerance: 2
BFGS:  105 22:50:32       -0.793323        0.0976
uncertainty: 0.05, tolerance: 2
BFGS:  106 22:50:32       -0.733378        0.1318
uncertainty: 0.06, tolerance: 2
BFGS:  107 22:50:33       -0.746472        0.1118
uncertainty: 0.07, tolerance: 2
BFGS:  108 22:50:33       -0.751511        0.0804
uncertainty: 0.08, tolerance: 2
BFGS:  109 22:50:35       -0.757187        0.0560
uncertainty: 0.09, tolerance: 2
BFGS:  110 22:50:37       -0.762755        0.0502
Force below threshold: check with parent
OnlineLearner: Parent calculation required
Time to call parent (call #13): 1169.2364180088043
Time to train gemnet_t on 1 pts: 528.0534529685974 seconds
uncertainty: 0.1, tolerance: 2
BFGS:  111 23:18:57  -179859.473290        0.2368
uncertainty: 0.02, tolerance: 2
BFGS:  112 23:18:58       -0.758837        0.0806
uncertainty: 0.03, tolerance: 2
BFGS:  113 23:19:00       -0.754129        0.0608
uncertainty: 0.04, tolerance: 2
BFGS:  114 23:19:01       -0.761116        0.0577
uncertainty: 0.05, tolerance: 2
BFGS:  115 23:19:02       -0.757531        0.0535
Force below threshold: check with parent
OnlineLearner: Parent calculation required
Time to call parent (call #14): 1174.2369782924652
Time to train gemnet_t on 1 pts: 487.86795473098755 seconds
uncertainty: 0.06, tolerance: 2
BFGS:  116 23:46:47  -179859.501979        0.1792
uncertainty: 0.02, tolerance: 2
BFGS:  117 23:46:48       -0.682528        0.1068
uncertainty: 0.03, tolerance: 2
BFGS:  118 23:46:50       -0.654648        0.0994
uncertainty: 0.04, tolerance: 2
BFGS:  119 23:46:51       -0.650944        0.0739
uncertainty: 0.05, tolerance: 2
BFGS:  120 23:46:53       -0.645632        0.0575
uncertainty: 0.06, tolerance: 2
BFGS:  121 23:46:54       -0.632228        0.0587
uncertainty: 0.07, tolerance: 2
BFGS:  122 23:46:55       -0.629565        0.0662
uncertainty: 0.08, tolerance: 2
BFGS:  123 23:46:57       -0.634504        0.0635
uncertainty: 0.09, tolerance: 2
BFGS:  124 23:46:58       -0.642114        0.0678
uncertainty: 0.1, tolerance: 2
BFGS:  125 23:47:00       -0.649483        0.0732
uncertainty: 0.11, tolerance: 2
BFGS:  126 23:47:01       -0.659269        0.0625
11 steps since last query, querying every 10 so check with parent
OnlineLearner: Parent calculation required
Time to call parent (call #15): 1193.2504374980927
Time to train gemnet_t on 1 pts: 220.91935968399048 seconds
uncertainty: 0.12, tolerance: 2
BFGS:  127 00:10:37  -179859.468646        0.2184
uncertainty: 0.02, tolerance: 2
BFGS:  128 00:10:38       -0.740270        0.0662
uncertainty: 0.03, tolerance: 2
BFGS:  129 00:10:38       -0.731867        0.0607
Force below threshold: check with parent
OnlineLearner: Parent calculation required
Time to call parent (call #16): 1163.6529455184937
Time to train gemnet_t on 1 pts: 243.45347785949707 seconds
uncertainty: 0.04, tolerance: 2
BFGS:  130 00:34:07  -179859.515583        0.1995
uncertainty: 0.02, tolerance: 2
BFGS:  131 00:34:08       -0.767193        0.1248
uncertainty: 0.03, tolerance: 2
BFGS:  132 00:34:10       -0.770756        0.0986
uncertainty: 0.04, tolerance: 2
BFGS:  133 00:34:11       -0.787626        0.1008
uncertainty: 0.05, tolerance: 2
BFGS:  134 00:34:12       -0.808940        0.0593
Force below threshold: check with parent
OnlineLearner: Parent calculation required
Time to call parent (call #17): 1184.0515041351318
Time to train gemnet_t on 1 pts: 565.9400401115417 seconds
uncertainty: 0.06, tolerance: 2
BFGS:  135 01:03:24  -179859.491845        0.1675
uncertainty: 0.02, tolerance: 2
BFGS:  136 01:03:26       -0.738445        0.0626
uncertainty: 0.03, tolerance: 2
BFGS:  137 01:03:27       -0.706460        0.0599
uncertainty: 0.04, tolerance: 2
BFGS:  138 01:03:29       -0.684488        0.1006
uncertainty: 0.05, tolerance: 2
BFGS:  139 01:03:30       -0.673917        0.0770
uncertainty: 0.06, tolerance: 2
BFGS:  140 01:03:31       -0.649607        0.0903
uncertainty: 0.07, tolerance: 2
BFGS:  141 01:03:33       -0.650910        0.0978
uncertainty: 0.08, tolerance: 2
BFGS:  142 01:03:34       -0.647287        0.1152
uncertainty: 0.09, tolerance: 2
BFGS:  143 01:03:35       -0.666870        0.1104
uncertainty: 0.1, tolerance: 2
BFGS:  144 01:03:37       -0.683062        0.1154
uncertainty: 0.11, tolerance: 2
BFGS:  145 01:03:38       -0.692356        0.0956
11 steps since last query, querying every 10 so check with parent
OnlineLearner: Parent calculation required
Time to call parent (call #18): 1180.4111106395721
Time to train gemnet_t on 1 pts: 465.9187569618225 seconds
uncertainty: 0.12, tolerance: 2
BFGS:  146 01:31:07  -179859.493720        0.2284
uncertainty: 0.02, tolerance: 2
BFGS:  147 01:31:09       -0.766497        0.1518
uncertainty: 0.03, tolerance: 2
BFGS:  148 01:31:10       -0.735933        0.0989
uncertainty: 0.04, tolerance: 2
BFGS:  149 01:31:11       -0.651506        0.1378
uncertainty: 0.05, tolerance: 2
BFGS:  150 01:31:13       -0.610510        0.1184
uncertainty: 0.06, tolerance: 2
BFGS:  151 01:31:14       -0.552488        0.0788
uncertainty: 0.07, tolerance: 2
BFGS:  152 01:31:15       -0.573540        0.1111
uncertainty: 0.08, tolerance: 2
BFGS:  153 01:31:17       -0.593628        0.1268
uncertainty: 0.09, tolerance: 2
BFGS:  154 01:31:18       -0.583854        0.0697
uncertainty: 0.1, tolerance: 2
BFGS:  155 01:31:19       -0.575656        0.0907
uncertainty: 0.11, tolerance: 2
BFGS:  156 01:31:21       -0.585831        0.0789
11 steps since last query, querying every 10 so check with parent
OnlineLearner: Parent calculation required
Time to call parent (call #19): 1188.61292886734
Time to train gemnet_t on 1 pts: 304.84774446487427 seconds
uncertainty: 0.12, tolerance: 2
BFGS:  157 01:56:16  -179859.484895        0.3737
uncertainty: 0.02, tolerance: 2
BFGS:  158 01:56:16       -0.772301        0.1341
uncertainty: 0.03, tolerance: 2
BFGS:  159 01:56:17       -0.778683        0.1056
uncertainty: 0.04, tolerance: 2
BFGS:  160 01:56:17       -0.815249        0.0689
uncertainty: 0.05, tolerance: 2
BFGS:  161 01:56:18       -0.845867        0.0911
uncertainty: 0.06, tolerance: 2
BFGS:  162 01:56:18       -0.836427        0.0555
uncertainty: 0.07, tolerance: 2
BFGS:  163 01:56:19       -0.817333        0.0538
Force below threshold: check with parent
OnlineLearner: Parent calculation required
Time to call parent (call #20): 1174.6324565410614
Time to train gemnet_t on 1 pts: 531.1762433052063 seconds
uncertainty: 0.08, tolerance: 2
BFGS:  164 02:24:46  -179859.502406        0.2149
uncertainty: 0.02, tolerance: 2
BFGS:  165 02:24:48       -0.758194        0.0944
uncertainty: 0.03, tolerance: 2
BFGS:  166 02:24:49       -0.767981        0.1236
uncertainty: 0.04, tolerance: 2
BFGS:  167 02:24:50       -0.766396        0.1261
uncertainty: 0.05, tolerance: 2
BFGS:  168 02:24:52       -0.764611        0.0877
uncertainty: 0.06, tolerance: 2
BFGS:  169 02:24:53       -0.759046        0.0967
uncertainty: 0.07, tolerance: 2
BFGS:  170 02:24:54       -0.574878        0.5578
uncertainty: 0.08, tolerance: 2
BFGS:  171 02:24:55       -0.750064        0.0866
uncertainty: 0.09, tolerance: 2
BFGS:  172 02:24:57       -0.734900        0.0888
uncertainty: 0.1, tolerance: 2
BFGS:  173 02:24:58       -0.703198        0.0813
uncertainty: 0.11, tolerance: 2
BFGS:  174 02:24:59       -0.701195        0.0746
11 steps since last query, querying every 10 so check with parent
OnlineLearner: Parent calculation required
Time to call parent (call #21): 1185.2828159332275
Time to train gemnet_t on 1 pts: 546.2080013751984 seconds
uncertainty: 0.12, tolerance: 2
BFGS:  175 02:53:53  -179859.473565        0.3232
uncertainty: 0.02, tolerance: 2
BFGS:  176 02:53:55       -0.748009        0.1453
uncertainty: 0.03, tolerance: 2
BFGS:  177 02:53:56       -0.708697        0.0924
uncertainty: 0.04, tolerance: 2
BFGS:  178 02:53:57       -0.669477        0.0774
uncertainty: 0.05, tolerance: 2
BFGS:  179 02:53:59       -0.658536        0.0694
uncertainty: 0.06, tolerance: 2
BFGS:  180 02:54:00       -0.671440        0.0684
uncertainty: 0.07, tolerance: 2
BFGS:  181 02:54:01       -0.699721        0.0726
uncertainty: 0.08, tolerance: 2
BFGS:  182 02:54:03       -0.702143        0.0705
uncertainty: 0.09, tolerance: 2
BFGS:  183 02:54:04       -0.683881        0.0657
uncertainty: 0.1, tolerance: 2
BFGS:  184 02:54:05       -0.676798        0.0732
uncertainty: 0.11, tolerance: 2
BFGS:  185 02:54:07       -0.601849        0.2618
11 steps since last query, querying every 10 so check with parent
OnlineLearner: Parent calculation required
Time to call parent (call #22): 1171.8693401813507
Time to train gemnet_t on 1 pts: 382.2207942008972 seconds
uncertainty: 0.12, tolerance: 2
BFGS:  186 03:20:03  -179859.474115        0.2532
uncertainty: 0.02, tolerance: 2
BFGS:  187 03:20:04       -0.761500        0.1259
uncertainty: 0.03, tolerance: 2
BFGS:  188 03:20:04       -0.789091        0.0987
uncertainty: 0.04, tolerance: 2
BFGS:  189 03:20:05       -0.781384        0.1019
uncertainty: 0.05, tolerance: 2
BFGS:  190 03:20:06       -0.781088        0.0884
uncertainty: 0.06, tolerance: 2
BFGS:  191 03:20:07       -0.785553        0.0750
uncertainty: 0.07, tolerance: 2
BFGS:  192 03:20:08       -0.788787        0.0621
Force below threshold: check with parent
OnlineLearner: Parent calculation required
Time to call parent (call #23): 1179.074558019638
Time to train gemnet_t on 1 pts: 494.3175914287567 seconds
uncertainty: 0.08, tolerance: 2
BFGS:  193 03:48:03  -179859.503298        0.2061
uncertainty: 0.02, tolerance: 2
BFGS:  194 03:48:04       -0.771121        0.1009
uncertainty: 0.03, tolerance: 2
BFGS:  195 03:48:05       -0.743821        0.0989
uncertainty: 0.04, tolerance: 2
BFGS:  196 03:48:06       -0.760379        0.0851
uncertainty: 0.05, tolerance: 2
BFGS:  197 03:48:07       -0.771837        0.2041
uncertainty: 0.06, tolerance: 2
BFGS:  198 03:48:08       -0.795651        0.1557
uncertainty: 0.07, tolerance: 2
BFGS:  199 03:48:08       -0.811403        0.1129
uncertainty: 0.08, tolerance: 2
BFGS:  200 03:48:09       -0.792585        0.0950
uncertainty: 0.09, tolerance: 2
BFGS:  201 03:48:10       -0.783174        0.0777
uncertainty: 0.1, tolerance: 2
BFGS:  202 03:48:11       -0.772257        0.0724
uncertainty: 0.11, tolerance: 2
BFGS:  203 03:48:12       -0.770205        0.0770
11 steps since last query, querying every 10 so check with parent
OnlineLearner: Parent calculation required
Time to call parent (call #24): 1188.8111321926117
Time to train gemnet_t on 1 pts: 312.25480699539185 seconds
uncertainty: 0.12, tolerance: 2
BFGS:  204 04:13:15  -179859.452708        0.3356
uncertainty: 0.02, tolerance: 2
BFGS:  205 04:13:16       -0.779015        0.1232
uncertainty: 0.03, tolerance: 2
BFGS:  206 04:13:17       -0.763096        0.0971
uncertainty: 0.04, tolerance: 2
BFGS:  207 04:13:18       -0.674594        0.1695
uncertainty: 0.05, tolerance: 2
BFGS:  208 04:13:18       -0.668345        0.0842
uncertainty: 0.06, tolerance: 2
BFGS:  209 04:13:19       -0.645510        0.0987
uncertainty: 0.07, tolerance: 2
BFGS:  210 04:13:20       -0.700115        0.1205
uncertainty: 0.08, tolerance: 2
BFGS:  211 04:13:21       -0.670568        0.1061
uncertainty: 0.09, tolerance: 2
BFGS:  212 04:13:22       -0.647705        0.0877
Force below threshold: check with parent
OnlineLearner: Parent calculation required
Time to call parent (call #25): 1176.857167005539
Time to train gemnet_t on 1 pts: 535.5010175704956 seconds
uncertainty: 0.1, tolerance: 2
BFGS:  213 04:41:56  -179859.482162        0.3071
uncertainty: 0.02, tolerance: 2
BFGS:  214 04:41:58       -0.749244        0.1129
uncertainty: 0.03, tolerance: 2
BFGS:  215 04:41:59       -0.808391        0.0907
uncertainty: 0.04, tolerance: 2
BFGS:  216 04:42:00       -0.816001        0.0744
uncertainty: 0.05, tolerance: 2
BFGS:  217 04:42:02       -0.813853        0.0674
uncertainty: 0.06, tolerance: 2
BFGS:  218 04:42:03       -0.811607        0.0567
Force below threshold: check with parent
OnlineLearner: Parent calculation required
Time to call parent (call #26): 1170.441175699234
Time to train gemnet_t on 1 pts: 234.61161375045776 seconds
uncertainty: 0.07, tolerance: 2
BFGS:  219 05:05:30  -179859.491285        0.1896
uncertainty: 0.02, tolerance: 2
BFGS:  220 05:05:30       -0.785062        0.1717
uncertainty: 0.03, tolerance: 2
BFGS:  221 05:05:31       -0.753539        0.2257
uncertainty: 0.04, tolerance: 2
BFGS:  222 05:05:31       -0.712775        0.1653
uncertainty: 0.05, tolerance: 2
BFGS:  223 05:05:32       -0.788854        0.1501
uncertainty: 0.06, tolerance: 2
BFGS:  224 05:05:32       -0.833067        0.1469
uncertainty: 0.07, tolerance: 2
BFGS:  225 05:05:33       -0.830754        0.0933
uncertainty: 0.08, tolerance: 2
BFGS:  226 05:05:33       -0.809601        0.1138
uncertainty: 0.09, tolerance: 2
BFGS:  227 05:05:34       -0.785618        0.1129
uncertainty: 0.1, tolerance: 2
BFGS:  228 05:05:34       -0.791528        0.1085
uncertainty: 0.11, tolerance: 2
BFGS:  229 05:05:35       -0.832516        0.0745
11 steps since last query, querying every 10 so check with parent
OnlineLearner: Parent calculation required
Time to call parent (call #27): 1180.6710126399994
Time to train gemnet_t on 1 pts: 524.016578912735 seconds
uncertainty: 0.12, tolerance: 2
BFGS:  230 05:34:01  -179859.490845        0.2969
uncertainty: 0.02, tolerance: 2
BFGS:  231 05:34:02       -0.777801        0.1191
uncertainty: 0.03, tolerance: 2
BFGS:  232 05:34:04       -0.562720        0.5293
uncertainty: 0.04, tolerance: 2
BFGS:  233 05:34:05       -0.666533        0.1030
uncertainty: 0.05, tolerance: 2
BFGS:  234 05:34:06       -0.704051        0.1313
uncertainty: 0.06, tolerance: 2
BFGS:  235 05:34:08       -0.678004        0.0930
uncertainty: 0.07, tolerance: 2
BFGS:  236 05:34:09       -0.644800        0.0822
uncertainty: 0.08, tolerance: 2
BFGS:  237 05:34:10       -0.641623        0.0676
uncertainty: 0.09, tolerance: 2
BFGS:  238 05:34:12       -0.645996        0.0626
uncertainty: 0.1, tolerance: 2
BFGS:  239 05:34:13       -0.664476        0.0742
Force below threshold: check with parent
OnlineLearner: Parent calculation required
Time to call parent (call #28): 1184.2293791770935
Time to train gemnet_t on 1 pts: 532.4528138637543 seconds
uncertainty: 0.11, tolerance: 2
BFGS:  240 06:02:51  -179859.492640        0.4513
uncertainty: 0.02, tolerance: 2
BFGS:  241 06:02:53       -0.756166        0.1402
uncertainty: 0.03, tolerance: 2
BFGS:  242 06:02:54       -0.821038        0.1162
uncertainty: 0.04, tolerance: 2
BFGS:  243 06:02:56       -0.802910        0.1114
uncertainty: 0.05, tolerance: 2
BFGS:  244 06:02:56       -0.719936        0.1396
uncertainty: 0.06, tolerance: 2
BFGS:  245 06:02:57       -0.759346        0.0722
uncertainty: 0.07, tolerance: 2
BFGS:  246 06:02:58       -0.784179        0.0693
uncertainty: 0.08, tolerance: 2
BFGS:  247 06:02:58       -0.773940        0.0892
uncertainty: 0.09, tolerance: 2
BFGS:  248 06:02:59       -0.748990        0.0910
uncertainty: 0.1, tolerance: 2
BFGS:  249 06:03:00       -0.744552        0.0616
uncertainty: 0.11, tolerance: 2
BFGS:  250 06:03:01       -0.753438        0.0879
11 steps since last query, querying every 10 so check with parent
OnlineLearner: Parent calculation required
Time to call parent (call #29): 1175.43657040596
Time to train gemnet_t on 1 pts: 526.082186460495 seconds
uncertainty: 0.12, tolerance: 2
BFGS:  251 06:31:26  -179859.481178        0.1796
uncertainty: 0.02, tolerance: 2
BFGS:  252 06:31:27       -0.801397        0.1264
uncertainty: 0.03, tolerance: 2
BFGS:  253 06:31:29       -0.823161        0.0946
uncertainty: 0.04, tolerance: 2
BFGS:  254 06:31:30       -0.846377        0.1066
uncertainty: 0.05, tolerance: 2
BFGS:  255 06:31:31       -0.836585        0.0863
uncertainty: 0.06, tolerance: 2
BFGS:  256 06:31:32       -0.827535        0.0668
Force below threshold: check with parent
OnlineLearner: Parent calculation required
Time to call parent (call #30): 1181.9600734710693
Time to train gemnet_t on 1 pts: 514.6759986877441 seconds
uncertainty: 0.07, tolerance: 2
BFGS:  257 06:59:52  -179859.510777        0.1831
uncertainty: 0.02, tolerance: 2
BFGS:  258 06:59:53       -0.752005        0.1344
uncertainty: 0.03, tolerance: 2
BFGS:  259 06:59:54       -0.766694        0.1481
uncertainty: 0.04, tolerance: 2
BFGS:  260 06:59:55       -0.791108        0.0822
uncertainty: 0.05, tolerance: 2
BFGS:  261 06:59:57       -0.788363        0.0682
uncertainty: 0.06, tolerance: 2
BFGS:  262 06:59:58       -0.780379        0.0642
uncertainty: 0.07, tolerance: 2
BFGS:  263 06:59:59       -0.754608        0.0767
uncertainty: 0.08, tolerance: 2
BFGS:  264 07:00:01       -0.718140        0.0684
uncertainty: 0.09, tolerance: 2
BFGS:  265 07:00:02       -0.748138        0.0654
Force below threshold: check with parent
OnlineLearner: Parent calculation required
Time to call parent (call #31): 1177.9179124832153
Time to train gemnet_t on 1 pts: 551.0582611560822 seconds
uncertainty: 0.1, tolerance: 2
BFGS:  266 07:28:53  -179859.508826        0.1746
uncertainty: 0.02, tolerance: 2
BFGS:  267 07:28:55       -0.745538        0.1226
uncertainty: 0.03, tolerance: 2
BFGS:  268 07:28:57       -0.663810        0.1947
uncertainty: 0.04, tolerance: 2
BFGS:  269 07:28:58       -0.675223        0.1528
uncertainty: 0.05, tolerance: 2
BFGS:  270 07:29:00       -0.714080        0.1702
uncertainty: 0.06, tolerance: 2
BFGS:  271 07:29:01       -0.721749        0.2009
uncertainty: 0.07, tolerance: 2
BFGS:  272 07:29:02       -0.654060        0.1482
uncertainty: 0.08, tolerance: 2
BFGS:  273 07:29:03       -0.680810        0.1216
uncertainty: 0.09, tolerance: 2
BFGS:  274 07:29:05       -0.700919        0.1250
uncertainty: 0.1, tolerance: 2
BFGS:  275 07:29:06       -0.688226        0.0866
uncertainty: 0.11, tolerance: 2
BFGS:  276 07:29:07       -0.668889        0.1052
11 steps since last query, querying every 10 so check with parent
OnlineLearner: Parent calculation required
Time to call parent (call #32): 1186.2902655601501
Time to train gemnet_t on 1 pts: 376.3611445426941 seconds
uncertainty: 0.12, tolerance: 2
BFGS:  277 07:55:12  -179859.470301        0.2368
uncertainty: 0.02, tolerance: 2
BFGS:  278 07:55:13       -0.771955        0.1035
uncertainty: 0.03, tolerance: 2
BFGS:  279 07:55:14       -0.773435        0.3673
uncertainty: 0.04, tolerance: 2
BFGS:  280 07:55:15       -0.806596        0.1047
uncertainty: 0.05, tolerance: 2
BFGS:  281 07:55:16       -0.757467        0.1188
uncertainty: 0.06, tolerance: 2
BFGS:  282 07:55:17       -0.777095        0.0708
uncertainty: 0.07, tolerance: 2
BFGS:  283 07:55:18       -0.780496        0.0719
uncertainty: 0.08, tolerance: 2
BFGS:  284 07:55:19       -0.766645        0.0718
uncertainty: 0.09, tolerance: 2
BFGS:  285 07:55:20       -0.766127        0.0939
uncertainty: 0.1, tolerance: 2
BFGS:  286 07:55:21       -0.766703        0.1113
uncertainty: 0.11, tolerance: 2
BFGS:  287 07:55:22       -0.784247        0.1200
11 steps since last query, querying every 10 so check with parent
OnlineLearner: Parent calculation required
Time to call parent (call #33): 1185.9430558681488
Time to train gemnet_t on 1 pts: 524.666984796524 seconds
uncertainty: 0.12, tolerance: 2
BFGS:  288 08:23:54  -179859.509315        0.3552
uncertainty: 0.02, tolerance: 2
BFGS:  289 08:23:55       -0.860205        0.2338
uncertainty: 0.03, tolerance: 2
BFGS:  290 08:23:55       -0.797125        0.3336
uncertainty: 0.04, tolerance: 2
BFGS:  291 08:23:56       -0.846105        0.1927
uncertainty: 0.05, tolerance: 2
BFGS:  292 08:23:56       -0.833452        0.1824
uncertainty: 0.06, tolerance: 2
BFGS:  293 08:23:57       -0.852128        0.1622
uncertainty: 0.07, tolerance: 2
BFGS:  294 08:23:57       -0.850152        0.1382
uncertainty: 0.08, tolerance: 2
BFGS:  295 08:23:58       -0.825086        0.1401
uncertainty: 0.09, tolerance: 2
BFGS:  296 08:23:58       -0.860975        0.1218
uncertainty: 0.1, tolerance: 2
BFGS:  297 08:23:59       -0.862727        0.0949
uncertainty: 0.11, tolerance: 2
BFGS:  298 08:23:59       -0.854384        0.1365
11 steps since last query, querying every 10 so check with parent
OnlineLearner: Parent calculation required
Time to call parent (call #34): 1176.1759300231934
Time to train gemnet_t on 1 pts: 203.60004472732544 seconds
uncertainty: 0.12, tolerance: 2
BFGS:  299 08:47:00  -179859.540597        0.2641
uncertainty: 0.02, tolerance: 2
BFGS:  300 08:47:00       -0.715364        0.3595
uncertainty: 0.03, tolerance: 2
BFGS:  301 08:47:01       -0.697651        0.2683
uncertainty: 0.04, tolerance: 2
BFGS:  302 08:47:01       -0.682044        0.4007
uncertainty: 0.05, tolerance: 2
BFGS:  303 08:47:02       -0.732831        0.4736
uncertainty: 0.06, tolerance: 2
BFGS:  304 08:47:03       -0.743687        0.1275
uncertainty: 0.07, tolerance: 2
BFGS:  305 08:47:03       -0.662106        0.2713
uncertainty: 0.08, tolerance: 2
BFGS:  306 08:47:04       -0.727599        0.1161
uncertainty: 0.09, tolerance: 2
BFGS:  307 08:47:04       -0.727895        0.0885
uncertainty: 0.1, tolerance: 2
BFGS:  308 08:47:05       -0.730599        0.1010
uncertainty: 0.11, tolerance: 2
BFGS:  309 08:47:05       -0.732319        0.0881
11 steps since last query, querying every 10 so check with parent
OnlineLearner: Parent calculation required
Time to call parent (call #35): 1181.194396495819
Time to train gemnet_t on 1 pts: 557.6505644321442 seconds
uncertainty: 0.12, tolerance: 2
BFGS:  310 09:16:06  -179859.548345        0.2180
uncertainty: 0.02, tolerance: 2
BFGS:  311 09:16:07       -0.674268        0.2841
uncertainty: 0.03, tolerance: 2
BFGS:  312 09:16:09       -0.751099        0.1599
uncertainty: 0.04, tolerance: 2
BFGS:  313 09:16:10       -0.752605        0.1436
uncertainty: 0.05, tolerance: 2
BFGS:  314 09:16:11       -0.758028        0.1109
uncertainty: 0.06, tolerance: 2
BFGS:  315 09:16:13       -0.688410        0.1239
uncertainty: 0.07, tolerance: 2
BFGS:  316 09:16:15       -0.711514        0.0994
uncertainty: 0.08, tolerance: 2
BFGS:  317 09:16:16       -0.732556        0.0954
uncertainty: 0.09, tolerance: 2
BFGS:  318 09:16:17       -0.726853        0.0692
uncertainty: 0.1, tolerance: 2
BFGS:  319 09:16:19       -0.716392        0.0691
uncertainty: 0.11, tolerance: 2
BFGS:  320 09:16:20       -0.719908        0.0780
11 steps since last query, querying every 10 so check with parent
OnlineLearner: Parent calculation required
Time to call parent (call #36): 1121.3833861351013
Time to train gemnet_t on 1 pts: 532.9322431087494 seconds
uncertainty: 0.12, tolerance: 2
BFGS:  321 09:43:57  -179859.549193        0.1752
uncertainty: 0.02, tolerance: 2
BFGS:  322 09:43:58       -0.786104        0.1157
uncertainty: 0.03, tolerance: 2
BFGS:  323 09:43:59       -0.774021        0.1907
uncertainty: 0.04, tolerance: 2
BFGS:  324 09:44:01       -0.771644        0.1083
uncertainty: 0.05, tolerance: 2
BFGS:  325 09:44:02       -0.805646        0.1394
uncertainty: 0.06, tolerance: 2
BFGS:  326 09:44:03       -0.793115        0.0801
uncertainty: 0.07, tolerance: 2
BFGS:  327 09:44:05       -0.799002        0.0611
Force below threshold: check with parent
OnlineLearner: Parent calculation required
Time to call parent (call #37): 1193.3600311279297
Time to train gemnet_t on 1 pts: 204.8125569820404 seconds
uncertainty: 0.08, tolerance: 2
BFGS:  328 10:07:24  -179859.560860        0.1663
uncertainty: 0.02, tolerance: 2
BFGS:  329 10:07:25       -0.815325        0.1636
uncertainty: 0.03, tolerance: 2
BFGS:  330 10:07:26       -0.801114        0.1302
uncertainty: 0.04, tolerance: 2
BFGS:  331 10:07:26       -0.826850        0.0824
uncertainty: 0.05, tolerance: 2
BFGS:  332 10:07:27       -0.834554        0.1248
uncertainty: 0.06, tolerance: 2
BFGS:  333 10:07:27       -0.834515        0.0777
uncertainty: 0.07, tolerance: 2
BFGS:  334 10:07:28       -0.837682        0.0614
uncertainty: 0.08, tolerance: 2
BFGS:  335 10:07:28       -0.843379        0.0570
uncertainty: 0.09, tolerance: 2
BFGS:  336 10:07:29       -0.858383        0.0890
uncertainty: 0.1, tolerance: 2
BFGS:  337 10:07:29       -0.858401        0.0692
uncertainty: 0.11, tolerance: 2
BFGS:  338 10:07:30       -0.852872        0.0580
11 steps since last query, querying every 10 so check with parent
Force below threshold: check with parent
OnlineLearner: Parent calculation required
Time to call parent (call #38): 1111.5099964141846
Time to train gemnet_t on 1 pts: 203.46850323677063 seconds
uncertainty: 0.12, tolerance: 2
BFGS:  339 10:29:26  -179859.554110        0.1947
uncertainty: 0.02, tolerance: 2
BFGS:  340 10:29:26       -0.782268        0.1785
uncertainty: 0.03, tolerance: 2
BFGS:  341 10:29:27       -0.663774        0.2406
uncertainty: 0.04, tolerance: 2
BFGS:  342 10:29:27       -0.759275        0.0958
uncertainty: 0.05, tolerance: 2
BFGS:  343 10:29:27       -0.774039        0.1881
uncertainty: 0.06, tolerance: 2
BFGS:  344 10:29:28       -0.750360        0.0893
uncertainty: 0.07, tolerance: 2
BFGS:  345 10:29:28       -0.744027        0.0760
uncertainty: 0.08, tolerance: 2
BFGS:  346 10:29:29       -0.736776        0.0743
uncertainty: 0.09, tolerance: 2
BFGS:  347 10:29:29       -0.728942        0.0750
uncertainty: 0.1, tolerance: 2
BFGS:  348 10:29:30       -0.718136        0.0645
uncertainty: 0.11, tolerance: 2
BFGS:  349 10:29:30       -0.718449        0.0569
11 steps since last query, querying every 10 so check with parent
OnlineLearner: Parent calculation required
Time to call parent (call #39): 1128.9634881019592
Time to train gemnet_t on 1 pts: 330.280161857605 seconds
uncertainty: 0.12, tolerance: 2
BFGS:  350 10:53:51  -179859.533912        0.1785
uncertainty: 0.02, tolerance: 2
BFGS:  351 10:53:53       -0.720881        0.1032
uncertainty: 0.03, tolerance: 2
BFGS:  352 10:53:55       -0.725712        0.2018
uncertainty: 0.04, tolerance: 2
BFGS:  353 10:53:56       -0.702941        0.1212
uncertainty: 0.05, tolerance: 2
BFGS:  354 10:53:58       -0.633909        0.1528
uncertainty: 0.06, tolerance: 2
BFGS:  355 10:54:00       -0.698728        0.0865
uncertainty: 0.07, tolerance: 2
BFGS:  356 10:54:01       -0.673700        0.1117
uncertainty: 0.08, tolerance: 2
BFGS:  357 10:54:02       -0.681413        0.0753
uncertainty: 0.09, tolerance: 2
BFGS:  358 10:54:03       -0.693346        0.1056
uncertainty: 0.1, tolerance: 2
BFGS:  359 10:54:03       -0.684106        0.0649
Force below threshold: check with parent
OnlineLearner: Parent calculation required
Time to call parent (call #40): 1128.803326368332
Time to train gemnet_t on 1 pts: 395.7960488796234 seconds
uncertainty: 0.11, tolerance: 2
BFGS:  360 11:19:29  -179859.532716        0.2252
uncertainty: 0.02, tolerance: 2
BFGS:  361 11:19:30       -0.758695        0.1346
uncertainty: 0.03, tolerance: 2
BFGS:  362 11:19:31       -0.750394        0.5079
uncertainty: 0.04, tolerance: 2
BFGS:  363 11:19:33       -0.805621        0.1309
uncertainty: 0.05, tolerance: 2
BFGS:  364 11:19:34       -0.681179        0.2598
uncertainty: 0.06, tolerance: 2
BFGS:  365 11:19:35       -0.789720        0.0773
uncertainty: 0.07, tolerance: 2
BFGS:  366 11:19:37       -0.789619        0.0842
uncertainty: 0.08, tolerance: 2
BFGS:  367 11:19:38       -0.785065        0.0727
uncertainty: 0.09, tolerance: 2
BFGS:  368 11:19:39       -0.777608        0.0568
uncertainty: 0.1, tolerance: 2
BFGS:  369 11:19:41       -0.783129        0.0566
uncertainty: 0.11, tolerance: 2
BFGS:  370 11:19:42       -0.781141        0.0554
11 steps since last query, querying every 10 so check with parent
OnlineLearner: Parent calculation required
Time to call parent (call #41): 1196.84512925148
Time to train gemnet_t on 1 pts: 218.22320938110352 seconds
uncertainty: 0.12, tolerance: 2
BFGS:  371 11:43:19  -179859.559006        0.1219
uncertainty: 0.02, tolerance: 2
BFGS:  372 11:43:20       -0.752545        0.1651
uncertainty: 0.03, tolerance: 2
BFGS:  373 11:43:20       -0.739045        0.1646
uncertainty: 0.04, tolerance: 2
BFGS:  374 11:43:21       -0.803553        0.1368
uncertainty: 0.05, tolerance: 2
BFGS:  375 11:43:23       -0.838417        0.1226
uncertainty: 0.06, tolerance: 2
BFGS:  376 11:43:24       -0.769366        0.1509
uncertainty: 0.07, tolerance: 2
BFGS:  377 11:43:26       -0.802837        0.0828
uncertainty: 0.08, tolerance: 2
BFGS:  378 11:43:28       -0.808244        0.0937
uncertainty: 0.09, tolerance: 2
BFGS:  379 11:43:30       -0.814680        0.0530
uncertainty: 0.1, tolerance: 2
BFGS:  380 11:43:30       -0.812503        0.0658
uncertainty: 0.11, tolerance: 2
BFGS:  381 11:43:31       -0.804572        0.0502
11 steps since last query, querying every 10 so check with parent
OnlineLearner: Parent calculation required
Time to call parent (call #42): 1167.1400921344757
Time to train gemnet_t on 1 pts: 535.5530507564545 seconds
uncertainty: 0.12, tolerance: 2
BFGS:  382 12:11:55  -179859.524979        0.3217
uncertainty: 0.02, tolerance: 2
BFGS:  383 12:11:57       -0.798320        0.0896
uncertainty: 0.03, tolerance: 2
BFGS:  384 12:11:57       -0.685591        0.1497
uncertainty: 0.04, tolerance: 2
BFGS:  385 12:11:58       -0.730170        0.1723
uncertainty: 0.05, tolerance: 2
BFGS:  386 12:11:58       -0.778320        0.1630
uncertainty: 0.06, tolerance: 2
BFGS:  387 12:11:59       -0.736495        0.0707
uncertainty: 0.07, tolerance: 2
BFGS:  388 12:11:59       -0.730596        0.0992
uncertainty: 0.08, tolerance: 2
BFGS:  389 12:12:00       -0.737442        0.0616
uncertainty: 0.09, tolerance: 2
BFGS:  390 12:12:00       -0.731072        0.0520
Force below threshold: check with parent
OnlineLearner: Parent calculation required
Time to call parent (call #43): 1121.6915102005005
Time to train gemnet_t on 1 pts: 547.9920787811279 seconds
uncertainty: 0.1, tolerance: 2
BFGS:  391 12:39:52  -179859.537250        0.1717
uncertainty: 0.02, tolerance: 2
BFGS:  392 12:39:53       -0.722589        0.1304
uncertainty: 0.03, tolerance: 2
BFGS:  393 12:39:54       -0.747220        0.2431
uncertainty: 0.04, tolerance: 2
BFGS:  394 12:39:54       -0.770292        0.1829
uncertainty: 0.05, tolerance: 2
BFGS:  395 12:39:55       -0.805999        0.1642
uncertainty: 0.06, tolerance: 2
BFGS:  396 12:39:56       -0.683762        0.1848
uncertainty: 0.07, tolerance: 2
BFGS:  397 12:39:56       -0.750555        0.1103
uncertainty: 0.08, tolerance: 2
BFGS:  398 12:39:57       -0.754292        0.1519
uncertainty: 0.09, tolerance: 2
BFGS:  399 12:39:57       -0.763251        0.0712
uncertainty: 0.1, tolerance: 2
BFGS:  400 12:39:58       -0.725817        0.0876
uncertainty: 0.11, tolerance: 2
BFGS:  401 12:39:59       -0.747455        0.0638
11 steps since last query, querying every 10 so check with parent
OnlineLearner: Parent calculation required
Time to call parent (call #44): 1113.7021977901459
Time to train gemnet_t on 1 pts: 383.29260182380676 seconds
uncertainty: 0.12, tolerance: 2
BFGS:  402 13:04:57  -179859.546603        0.2489
uncertainty: 0.02, tolerance: 2
BFGS:  403 13:04:58       -0.800355        0.1268
uncertainty: 0.03, tolerance: 2
BFGS:  404 13:05:00       -0.737709        0.2390
uncertainty: 0.04, tolerance: 2
BFGS:  405 13:05:01       -0.795189        0.2028
uncertainty: 0.05, tolerance: 2
BFGS:  406 13:05:02       -0.802566        0.1722
uncertainty: 0.06, tolerance: 2
BFGS:  407 13:05:04       -0.780331        0.2044
uncertainty: 0.07, tolerance: 2
BFGS:  408 13:05:05       -0.801077        0.2145
uncertainty: 0.08, tolerance: 2
BFGS:  409 13:05:06       -0.803859        0.1009
uncertainty: 0.09, tolerance: 2
BFGS:  410 13:05:08       -0.841133        0.1468
uncertainty: 0.1, tolerance: 2
BFGS:  411 13:05:09       -0.785205        0.0818
uncertainty: 0.11, tolerance: 2
BFGS:  412 13:05:10       -0.800496        0.1422
11 steps since last query, querying every 10 so check with parent
OnlineLearner: Parent calculation required
Time to call parent (call #45): 1119.8827030658722
Time to train gemnet_t on 1 pts: 425.7348310947418 seconds
uncertainty: 0.12, tolerance: 2
BFGS:  413 13:30:58  -179859.549876        0.2470
uncertainty: 0.02, tolerance: 2
BFGS:  414 13:30:59       -0.831176        0.1083
uncertainty: 0.03, tolerance: 2
BFGS:  415 13:31:00       -0.759954        0.0936
uncertainty: 0.04, tolerance: 2
BFGS:  416 13:31:00       -0.783806        0.1732
uncertainty: 0.05, tolerance: 2
BFGS:  417 13:31:01       -0.811442        0.1380
uncertainty: 0.06, tolerance: 2
BFGS:  418 13:31:01       -0.794579        0.0890
uncertainty: 0.07, tolerance: 2
BFGS:  419 13:31:02       -0.774989        0.1147
uncertainty: 0.08, tolerance: 2
BFGS:  420 13:31:02       -0.798393        0.0732
uncertainty: 0.09, tolerance: 2
BFGS:  421 13:31:03       -0.807675        0.0721
uncertainty: 0.1, tolerance: 2
BFGS:  422 13:31:03       -0.796411        0.0509
uncertainty: 0.11, tolerance: 2
BFGS:  423 13:31:04       -0.800204        0.0666
11 steps since last query, querying every 10 so check with parent
Force below threshold: check with parent
OnlineLearner: Parent calculation required
Time to call parent (call #46): 1131.8466575145721
Time to train gemnet_t on 1 pts: 323.2471008300781 seconds
uncertainty: 0.12, tolerance: 2
BFGS:  424 13:55:20  -179859.570715        0.1242
uncertainty: 0.02, tolerance: 2
BFGS:  425 13:55:21       -0.730549        0.1350
uncertainty: 0.03, tolerance: 2
BFGS:  426 13:55:21       -0.725032        0.1441
uncertainty: 0.04, tolerance: 2
BFGS:  427 13:55:22       -0.812918        0.1733
uncertainty: 0.05, tolerance: 2
BFGS:  428 13:55:23       -0.750475        0.1163
uncertainty: 0.06, tolerance: 2
BFGS:  429 13:55:23       -0.747895        0.0556
uncertainty: 0.07, tolerance: 2
BFGS:  430 13:55:24       -0.742671        0.0616
Force below threshold: check with parent
OnlineLearner: Parent calculation required
Time to call parent (call #47): 1106.7446565628052
Time to train gemnet_t on 1 pts: 368.2151620388031 seconds
uncertainty: 0.08, tolerance: 2
BFGS:  431 14:20:01  -179859.561557        0.1745
uncertainty: 0.02, tolerance: 2
BFGS:  432 14:20:02       -0.767525        0.1278
uncertainty: 0.03, tolerance: 2
BFGS:  433 14:20:04       -0.811784        0.1048
uncertainty: 0.04, tolerance: 2
BFGS:  434 14:20:05       -0.782729        0.0835
uncertainty: 0.05, tolerance: 2
BFGS:  435 14:20:06       -0.793293        0.1004
uncertainty: 0.06, tolerance: 2
BFGS:  436 14:20:08       -0.784543        0.0672
uncertainty: 0.07, tolerance: 2
BFGS:  437 14:20:09       -0.800975        0.0565
uncertainty: 0.08, tolerance: 2
BFGS:  438 14:20:11       -0.792240        0.0557
Force below threshold: check with parent
OnlineLearner: Parent calculation required
Time to call parent (call #48): 1186.0547876358032
Time to train gemnet_t on 1 pts: 391.62739276885986 seconds
uncertainty: 0.09, tolerance: 2
BFGS:  439 14:46:31  -179859.542495        0.1757
uncertainty: 0.02, tolerance: 2
BFGS:  440 14:46:32       -0.746576        0.0966
uncertainty: 0.03, tolerance: 2
BFGS:  441 14:46:32       -0.888820        0.1645
uncertainty: 0.04, tolerance: 2
BFGS:  442 14:46:33       -0.817237        0.0855
uncertainty: 0.05, tolerance: 2
BFGS:  443 14:46:34       -0.755750        0.1305
uncertainty: 0.06, tolerance: 2
BFGS:  444 14:46:35       -0.801135        0.0665
uncertainty: 0.07, tolerance: 2
BFGS:  445 14:46:35       -0.845984        0.1207
uncertainty: 0.08, tolerance: 2
BFGS:  446 14:46:36       -0.811555        0.0755
uncertainty: 0.09, tolerance: 2
BFGS:  447 14:46:36       -0.800240        0.0589
Force below threshold: check with parent
OnlineLearner: Parent calculation required
Time to call parent (call #49): 1135.9629907608032
Time to train gemnet_t on 1 pts: 532.0626854896545 seconds
uncertainty: 0.1, tolerance: 2
BFGS:  448 15:14:26  -179859.548321        0.1549
uncertainty: 0.02, tolerance: 2
BFGS:  449 15:14:27       -0.663432        0.2103
uncertainty: 0.03, tolerance: 2
BFGS:  450 15:14:28       -0.724752        0.1973
uncertainty: 0.04, tolerance: 2
BFGS:  451 15:14:29       -0.776119        0.2932
uncertainty: 0.05, tolerance: 2
BFGS:  452 15:14:29       -0.658411        0.1667
uncertainty: 0.06, tolerance: 2
BFGS:  453 15:14:30       -0.715397        0.2631
uncertainty: 0.07, tolerance: 2
BFGS:  454 15:14:31       -0.735604        0.1025
uncertainty: 0.08, tolerance: 2
BFGS:  455 15:14:32       -0.703382        0.1538
uncertainty: 0.09, tolerance: 2
BFGS:  456 15:14:33       -0.704471        0.0970
uncertainty: 0.1, tolerance: 2
BFGS:  457 15:14:34       -0.754839        0.1282
uncertainty: 0.11, tolerance: 2
BFGS:  458 15:14:35       -0.719377        0.0688
11 steps since last query, querying every 10 so check with parent
OnlineLearner: Parent calculation required
Time to call parent (call #50): 1116.57785987854
Time to train gemnet_t on 1 pts: 407.4598753452301 seconds
uncertainty: 0.12, tolerance: 2
BFGS:  459 15:40:01  -179859.534667        0.2732
uncertainty: 0.02, tolerance: 2
BFGS:  460 15:40:02       -0.780829        0.1120
uncertainty: 0.03, tolerance: 2
BFGS:  461 15:40:04       -0.747925        0.1932
uncertainty: 0.04, tolerance: 2
BFGS:  462 15:40:06       -0.806041        0.1344
uncertainty: 0.05, tolerance: 2
BFGS:  463 15:40:08       -0.731742        0.1808
uncertainty: 0.06, tolerance: 2
BFGS:  464 15:40:09       -0.766725        0.0721
uncertainty: 0.07, tolerance: 2
BFGS:  465 15:40:11       -0.807675        0.1081
uncertainty: 0.08, tolerance: 2
BFGS:  466 15:40:13       -0.772033        0.0701
uncertainty: 0.09, tolerance: 2
BFGS:  467 15:40:14       -0.777770        0.0574
Force below threshold: check with parent
OnlineLearner: Parent calculation required
Time to call parent (call #51): 1104.437612771988
Time to train gemnet_t on 1 pts: 201.11393570899963 seconds
uncertainty: 0.1, tolerance: 2
BFGS:  468 16:02:00  -179859.531517        0.1826
uncertainty: 0.02, tolerance: 2
BFGS:  469 16:02:01       -0.796738        0.1201
uncertainty: 0.03, tolerance: 2
BFGS:  470 16:02:01       -0.808927        0.1312
uncertainty: 0.04, tolerance: 2
BFGS:  471 16:02:02       -0.847676        0.1926
uncertainty: 0.05, tolerance: 2
BFGS:  472 16:02:03       -0.833954        0.1036
uncertainty: 0.06, tolerance: 2
BFGS:  473 16:02:04       -0.858255        0.1001
uncertainty: 0.07, tolerance: 2
BFGS:  474 16:02:04       -0.827529        0.0844
uncertainty: 0.08, tolerance: 2
BFGS:  475 16:02:05       -0.845960        0.0842
uncertainty: 0.09, tolerance: 2
BFGS:  476 16:02:06       -0.833868        0.0743
uncertainty: 0.1, tolerance: 2
BFGS:  477 16:02:06       -0.841968        0.0622
uncertainty: 0.11, tolerance: 2
BFGS:  478 16:02:07       -0.836686        0.0515
