     Step     Time          Energy         fmax         cmax       rtrust          rho
Sella   0 20:26:21  -179854.307449       2.7826       0.0000       0.1000       1.0000
Sella   1 08:02:54  -179854.284885       3.0536       0.0000       0.0650      -0.0010
Sella   2 08:12:32  -179854.313904       3.0461       0.0000       0.0423       0.0023
Sella   3 08:22:05  -179854.401199       2.8866       0.0000       0.0275       0.0196
Sella   4 08:31:37  -179854.494541       2.7417       0.0000       0.0179       0.0708
Sella   5 08:41:11  -179854.583660       2.7361       0.0000       0.0116       0.1788
Sella   6 08:50:44  -179854.661726       2.6844       0.0000       0.0116       0.3722
Sella   7 09:00:15  -179854.739145       2.5906       0.0000       0.0116       0.2322
Sella   8 09:09:45  -179854.810982       2.5256       0.0000       0.0116       0.2274
Sella   9 09:19:21  -179854.886459       2.4790       0.0000       0.0116       0.3846
Sella  10 09:28:54  -179854.964237       2.4822       0.0000       0.0116       0.3019
Sella  11 09:38:18  -179855.038633       2.4416       0.0000       0.0116       0.3022
Sella  12 09:47:54  -179855.116885       2.5010       0.0000       0.0116       0.2947
Sella  13 09:57:34  -179855.194850       2.4749       0.0000       0.0116       0.2600
Sella  14 10:07:04  -179855.275351       2.4420       0.0000       0.0116       0.4553
Sella  15 10:16:25  -179855.362086       2.4081       0.0000       0.0116       0.3928
Sella  16 10:26:00  -179855.455001       2.3662       0.0000       0.0116       0.3905
Sella  17 10:35:39  -179855.548085       2.3621       0.0000       0.0116       0.5732
Sella  18 10:45:13  -179855.639901       2.4076       0.0000       0.0116       0.5284
Sella  19 10:54:52  -179855.740968       2.3671       0.0000       0.0116       0.4356
Sella  20 11:04:33  -179855.843729       2.3201       0.0000       0.0116       0.5326
Sella  21 11:14:07  -179855.943438       2.2509       0.0000       0.0116       0.5834
Sella  22 11:23:43  -179856.040124       2.1441       0.0000       0.0116       0.6447
Sella  23 11:33:15  -179856.145797       2.0893       0.0000       0.0116       0.7845
Sella  24 11:42:47  -179856.247827       1.9803       0.0000       0.0116       0.8547
Sella  25 11:52:12  -179856.343171       1.9100       0.0000       0.0116       0.8202
Sella  26 12:01:57  -179856.434505       1.8269       0.0000       0.0116       0.6330
Sella  27 12:11:29  -179856.524545       1.7692       0.0000       0.0116       0.8813
Sella  28 12:21:02  -179856.623050       1.6809       0.0000       0.0116       0.8660
Sella  29 12:30:29  -179856.720347       1.6177       0.0000       0.0116       0.8298
Sella  30 12:40:05  -179856.810973       1.5353       0.0000       0.0116       0.9397
Sella  31 12:49:41  -179856.908538       1.4685       0.0000       0.0133       0.9662
Sella  32 12:59:14  -179857.009616       1.3744       0.0000       0.0153       0.9868
Sella  33 13:08:58  -179857.120226       1.3235       0.0000       0.0153       0.7407
Sella  34 13:18:32  -179857.235442       1.2201       0.0000       0.0153       0.9391
Sella  35 13:28:09  -179857.349188       1.1509       0.0000       0.0176       0.9835
Sella  36 13:37:42  -179857.486811       1.0849       0.0000       0.0176       0.9471
Sella  37 13:47:14  -179857.621223       1.0500       0.0000       0.0176       0.8802
Sella  38 13:56:52  -179857.745234       1.0178       0.0000       0.0203       0.9814
Sella  39 14:06:29  -179857.889336       0.9295       0.0000       0.0233       0.9758
Sella  40 14:16:09  -179858.031375       0.8154       0.0000       0.0233       0.9438
Sella  41 14:25:48  -179858.180856       0.8136       0.0000       0.0233       0.9594
Sella  42 14:35:31  -179858.317422       0.8713       0.0000       0.0268       0.9913
Sella  43 14:45:10  -179858.457566       0.8681       0.0000       0.0309       0.9676
Sella  44 14:54:49  -179858.609374       0.8376       0.0000       0.0309       0.9522
Sella  45 15:04:20  -179858.738548       0.8670       0.0000       0.0355       0.9705
Sella  46 15:14:06  -179858.881519       0.7816       0.0000       0.0408       0.9851
Sella  47 15:23:46  -179858.998179       0.7052       0.0000       0.0408       0.5521
Sella  48 15:33:28  -179859.082427       0.5656       0.0000       0.0408       0.6601
Sella  49 15:43:09  -179859.137748       0.5773       0.0000       0.0408       0.4483
Sella  50 15:52:38  -179859.179844       0.3713       0.0000       0.0408       0.5153
Sella  51 16:02:27  -179859.202882       0.3418       0.0000       0.0408       0.3304
Sella  52 16:12:07  -179859.217787       0.5012       0.0000       0.0408       0.2569
Sella  53 16:21:52  -179859.231603       0.4576       0.0000       0.0408       0.2585
Sella  54 16:31:29  -179859.241620       0.5419       0.0000       0.0408       0.2022
Sella  55 16:41:05  -179859.270564       0.4660       0.0000       0.0408       0.8762
Sella  56 16:50:48  -179859.281993       0.3114       0.0000       0.0408       0.4253
Sella  57 17:00:27  -179859.285841       0.2497       0.0000       0.0265       0.1766
Sella  58 17:10:13  -179859.293168       0.3059       0.0000       0.0265       0.5148
Sella  59 17:19:49  -179859.297497       0.2455       0.0000       0.0265       0.2752
Sella  60 17:29:28  -179859.303950       0.4030       0.0000       0.0265       0.6970
Sella  61 17:39:16  -179859.305854       0.2673       0.0000       0.0172       0.1824
Sella  62 17:48:59  -179859.312391       0.1872       0.0000       0.0172       1.0489
Sella  63 17:58:35  -179859.314470       0.3339       0.0000       0.0172       0.2442
Sella  64 18:08:17  -179859.317377       0.2414       0.0000       0.0172       0.4818
Sella  65 18:18:07  -179859.320710       0.1593       0.0000       0.0172       0.6639
Sella  66 18:27:36  -179859.321840       0.2249       0.0000       0.0172       0.3227
Sella  67 18:37:32  -179859.324065       0.2275       0.0000       0.0172       0.5639
Sella  68 18:47:19  -179859.325218       0.2291       0.0000       0.0172       0.2567
Sella  69 18:56:58  -179859.328382       0.1936       0.0000       0.0172       0.8871
Sella  70 19:06:40  -179859.329114       0.1819       0.0000       0.0112       0.1368
Sella  71 19:16:25  -179859.332389       0.1680       0.0000       0.0112       1.0461
Sella  72 19:26:06  -179859.334193       0.1599       0.0000       0.0112       0.4827
Sella  73 19:35:52  -179859.335939       0.1366       0.0000       0.0112       0.9568
Sella  74 19:45:45  -179859.337529       0.1547       0.0000       0.0112       1.1393
Sella  75 19:55:34  -179859.338681       0.1480       0.0000       0.0112       0.7288
Sella  76 20:05:16  -179859.339656       0.1374       0.0000       0.0112       0.5165
Sella  77 20:14:58  -179859.341721       0.1530       0.0000       0.0112       0.8124
     Step     Time          Energy         fmax         cmax       rtrust          rho
Sella   0 18:20:14  -179859.341728       0.1505       0.0000       0.1000       1.0000
Sella   1 06:06:37  -179859.213699       1.4234       0.0000       0.0650      -0.0031
Sella   2 06:16:30  -179859.145724       1.5497       0.0000       0.0423      -0.0032
Sella   3 06:26:19  -179859.142489       1.4160       0.0000       0.0275      -0.0006
Sella   4 06:35:54  -179859.153833       1.4424       0.0000       0.0179       0.0049
Sella   5 06:45:27  -179859.159792       1.2587       0.0000       0.0116       0.0036
Sella   6 06:55:08  -179859.164819       1.0489       0.0000       0.0075       0.0090
Sella   7 07:04:50  -179859.173183       1.0198       0.0000       0.0049       0.0275
Sella   8 07:14:32  -179859.179808       0.9684       0.0000       0.0032       0.0504
Sella   9 07:24:16  -179859.184155       0.9238       0.0000       0.0021       0.0952
Sella  10 07:33:54  -179859.188359       0.8514       0.0000       0.0013       0.1495
Sella  11 07:43:23  -179859.191758       0.7892       0.0000       0.0013       0.3752
Sella  12 07:53:00  -179859.194698       0.7488       0.0000       0.0013       0.5194
Sella  13 08:02:37  -179859.197086       0.7006       0.0000       0.0013       0.2234
Sella  14 08:12:34  -179859.199335       0.6823       0.0000       0.0013       0.2134
Sella  15 08:22:24  -179859.201831       0.6599       0.0000       0.0013       0.3349
Sella  16 08:31:59  -179859.204257       0.6467       0.0000       0.0013       0.4172
Sella  17 08:41:39  -179859.206844       0.6314       0.0000       0.0013       0.4916
Sella  18 08:57:44  -179859.209343       0.6275       0.0000       0.0013       0.4713
Sella  19 09:07:22  -179859.212005       0.6104       0.0000       0.0013       0.4422
Sella  20 09:16:54  -179859.214555       0.6015       0.0000       0.0013       0.4195
Sella  21 09:26:38  -179859.217285       0.5976       0.0000       0.0013       0.5571
Sella  22 09:36:17  -179859.220024       0.5989       0.0000       0.0013       0.5447
Sella  23 09:45:50  -179859.222721       0.5599       0.0000       0.0013       0.4458
Sella  24 09:55:23  -179859.225220       0.5532       0.0000       0.0013       0.3530
Sella  25 10:05:01  -179859.227948       0.5360       0.0000       0.0013       0.7268
Sella  26 10:14:29  -179859.230716       0.5581       0.0000       0.0013       0.4666
Sella  27 10:24:02  -179859.233584       0.5373       0.0000       0.0013       0.7464
Sella  28 10:33:48  -179859.236632       0.5592       0.0000       0.0013       0.8091
Sella  29 10:43:38  -179859.239669       0.5613       0.0000       0.0013       0.8829
Sella  30 10:53:11  -179859.242897       0.5173       0.0000       0.0013       0.9586
Sella  31 11:02:55  -179859.246047       0.4970       0.0000       0.0015       0.9746
Sella  32 11:12:47  -179859.249803       0.4786       0.0000       0.0015       0.8656
Sella  33 11:22:27  -179859.253625       0.4725       0.0000       0.0015       0.9618
Sella  34 11:32:01  -179859.257201       0.4643       0.0000       0.0018       1.0042
Sella  35 11:41:47  -179859.261528       0.4465       0.0000       0.0018       0.8193
Sella  36 11:51:24  -179859.265428       0.4689       0.0000       0.0018       0.9569
Sella  37 12:01:12  -179859.268820       0.4135       0.0000       0.0018       0.9408
Sella  38 12:10:43  -179859.272879       0.4479       0.0000       0.0020       0.9696
Sella  39 12:20:35  -179859.276873       0.4194       0.0000       0.0020       0.9650
Sella  40 12:30:18  -179859.280909       0.4078       0.0000       0.0020       0.9568
Sella  41 12:40:01  -179859.284819       0.3676       0.0000       0.0020       0.9611
Sella  42 12:49:57  -179859.288962       0.3436       0.0000       0.0020       0.9618
Sella  43 12:59:41  -179859.292508       0.3309       0.0000       0.0020       0.9101
Sella  44 13:09:18  -179859.296320       0.3352       0.0000       0.0020       0.8774
Sella  45 13:18:56  -179859.299932       0.3066       0.0000       0.0020       0.9316
Sella  46 13:28:41  -179859.303165       0.2991       0.0000       0.0020       0.8546
Sella  47 13:38:33  -179859.306690       0.2920       0.0000       0.0020       0.9020
Sella  48 13:48:05  -179859.309795       0.2390       0.0000       0.0020       0.9009
Sella  49 13:57:41  -179859.312435       0.2412       0.0000       0.0020       0.8504
Sella  50 14:07:15  -179859.315001       0.2672       0.0000       0.0020       0.8341
Sella  51 14:17:02  -179859.316813       0.2325       0.0000       0.0020       0.8223
Sella  52 14:26:50  -179859.320019       0.2276       0.0000       0.0020       0.9487
Sella  53 14:36:29  -179859.323297       0.2423       0.0000       0.0020       0.9259
Sella  54 14:45:59  -179859.326398       0.2055       0.0000       0.0020       0.8960
Sella  55 14:55:30  -179859.329307       0.2265       0.0000       0.0020       0.9366
Sella  56 15:05:15  -179859.331766       0.2302       0.0000       0.0020       0.8982
Sella  57 15:14:45  -179859.334150       0.2083       0.0000       0.0020       0.8585
Sella  58 15:24:24  -179859.336372       0.2192       0.0000       0.0020       0.8736
Sella  59 15:34:07  -179859.337910       0.2152       0.0000       0.0020       0.8642
Sella  60 15:43:55  -179859.339706       0.2023       0.0000       0.0020       0.8524
Sella  61 15:53:34  -179859.340864       0.2056       0.0000       0.0020       0.8699
Sella  62 16:03:13  -179859.342762       0.2022       0.0000       0.0024       0.9688
Sella  63 16:12:59  -179859.344778       0.1898       0.0000       0.0024       0.8562
Sella  64 16:22:40  -179859.346407       0.1717       0.0000       0.0024       0.8334
Sella  65 16:32:27  -179859.348126       0.1772       0.0000       0.0024       0.8031
Sella  66 16:42:04  -179859.349576       0.1587       0.0000       0.0024       0.7369
Sella  67 16:51:44  -179859.350807       0.1710       0.0000       0.0024       0.7706
Sella  68 17:01:32  -179859.351075       0.1265       0.0000       0.0024       0.4386
Sella  69 17:11:03  -179859.352766       0.1399       0.0000       0.0024       0.9257
Sella  70 17:20:48  -179859.354160       0.1159       0.0000       0.0024       0.8130
Sella  71 17:30:23  -179859.355089       0.1225       0.0000       0.0024       0.8588
Sella  72 17:40:04  -179859.356901       0.1051       0.0000       0.0024       0.8152
Sella  73 17:49:50  -179859.358256       0.0915       0.0000       0.0024       0.7634
Sella  74 17:59:27  -179859.358897       0.1084       0.0000       0.0024       0.8646
Sella  75 18:09:01  -179859.359646       0.0992       0.0000       0.0024       0.7641
     Step     Time          Energy         fmax         cmax       rtrust          rho
Sella   0 16:01:22  -179859.359645       0.0905       0.0000       0.1000       1.0000
Sella   1 03:47:56  -179859.209462       0.9260       0.0000       0.0650      -0.0027
Sella   2 03:57:31  -179859.183599       1.4920       0.0000       0.0423      -0.0014
Sella   3 04:07:17  -179859.151758       1.3689       0.0000       0.0275      -0.0035
Sella   4 04:17:01  -179859.160975       1.1046       0.0000       0.0179       0.0025
Sella   5 04:26:46  -179859.163927       1.1089       0.0000       0.0116       0.0014
Sella   6 04:36:25  -179859.172038       0.9407       0.0000       0.0075       0.0231
Sella   7 04:46:05  -179859.174970       0.8984       0.0000       0.0049       0.0095
Sella   8 04:55:45  -179859.181608       0.7938       0.0000       0.0032       0.0639
Sella   9 05:05:30  -179859.185527       0.7272       0.0000       0.0021       0.0797
Sella  10 05:15:09  -179859.189726       0.6828       0.0000       0.0013       0.1921
Sella  11 05:24:49  -179859.193097       0.6232       0.0000       0.0013       0.4115
Sella  12 05:34:35  -179859.196294       0.5970       0.0000       0.0013       0.4091
Sella  13 05:44:20  -179859.199100       0.5767       0.0000       0.0013       0.3707
Sella  14 05:54:07  -179859.202082       0.5718       0.0000       0.0013       0.3708
Sella  15 06:03:52  -179859.204991       0.5711       0.0000       0.0013       0.5534
Sella  16 06:13:32  -179859.207785       0.5400       0.0000       0.0013       0.3612
Sella  17 06:23:20  -179859.210895       0.5477       0.0000       0.0013       0.3544
Sella  18 06:32:56  -179859.213876       0.5287       0.0000       0.0013       0.5959
Sella  19 06:42:58  -179859.216833       0.5395       0.0000       0.0013       0.4615
Sella  20 06:52:37  -179859.219643       0.5475       0.0000       0.0013       0.4719
Sella  21 07:02:25  -179859.222803       0.5403       0.0000       0.0013       0.4655
Sella  22 07:12:09  -179859.225835       0.4880       0.0000       0.0013       0.4895
Sella  23 07:21:59  -179859.228871       0.5369       0.0000       0.0013       0.5513
Sella  24 07:31:33  -179859.231913       0.5211       0.0000       0.0013       0.4985
Sella  25 07:41:12  -179859.235145       0.4872       0.0000       0.0013       0.5664
Sella  26 07:51:03  -179859.238444       0.5161       0.0000       0.0013       0.6087
Sella  27 08:00:40  -179859.241892       0.4930       0.0000       0.0013       0.6652
Sella  28 08:10:34  -179859.245290       0.4405       0.0000       0.0013       0.6299
Sella  29 08:20:18  -179859.249181       0.4602       0.0000       0.0013       0.9284
Sella  30 08:30:06  -179859.253267       0.4444       0.0000       0.0013       0.8251
Sella  31 08:40:00  -179859.257078       0.4374       0.0000       0.0013       0.9349
Sella  32 08:49:38  -179859.260662       0.4489       0.0000       0.0013       0.9399
Sella  33 08:59:20  -179859.264177       0.4123       0.0000       0.0013       0.9577
Sella  34 09:09:01  -179859.267548       0.4319       0.0000       0.0015       0.9728
Sella  35 09:18:50  -179859.271224       0.4020       0.0000       0.0015       0.9309
Sella  36 09:28:35  -179859.274753       0.3888       0.0000       0.0015       0.8769
Sella  37 09:38:16  -179859.278344       0.3905       0.0000       0.0015       0.9550
Sella  38 09:47:58  -179859.281493       0.3655       0.0000       0.0018       0.9861
Sella  39 09:57:44  -179859.285648       0.3381       0.0000       0.0018       0.9065
Sella  40 10:07:24  -179859.289437       0.2975       0.0000       0.0018       0.9602
Sella  41 10:17:02  -179859.292731       0.3171       0.0000       0.0018       0.8581
Sella  42 10:26:46  -179859.296141       0.2762       0.0000       0.0018       0.9369
Sella  43 10:36:28  -179859.299961       0.2661       0.0000       0.0018       0.9514
Sella  44 10:46:05  -179859.303320       0.2380       0.0000       0.0018       0.9256
Sella  45 10:55:58  -179859.306872       0.2220       0.0000       0.0018       0.9462
Sella  46 11:05:43  -179859.310394       0.2064       0.0000       0.0018       0.9238
Sella  47 11:15:28  -179859.313273       0.2172       0.0000       0.0020       0.9737
Sella  48 11:25:16  -179859.316022       0.2283       0.0000       0.0020       0.7996
Sella  49 11:35:05  -179859.319315       0.2200       0.0000       0.0020       0.8885
Sella  50 11:44:43  -179859.322224       0.2390       0.0000       0.0020       0.9195
Sella  51 11:54:31  -179859.324682       0.2022       0.0000       0.0020       0.8445
Sella  52 12:04:18  -179859.327174       0.2123       0.0000       0.0020       0.9239
Sella  53 12:14:06  -179859.329452       0.1778       0.0000       0.0020       0.8624
Sella  54 12:23:43  -179859.331555       0.1709       0.0000       0.0020       0.9508
Sella  55 12:33:18  -179859.333608       0.1954       0.0000       0.0020       0.8296
Sella  56 12:42:56  -179859.335310       0.1657       0.0000       0.0020       0.8816
Sella  57 12:52:44  -179859.336938       0.1308       0.0000       0.0020       0.8219
Sella  58 13:02:38  -179859.338522       0.1163       0.0000       0.0020       0.8338
Sella  59 13:12:14  -179859.339961       0.1516       0.0000       0.0020       0.8372
Sella  60 13:22:04  -179859.341192       0.1172       0.0000       0.0020       0.7420
Sella  61 13:31:48  -179859.342519       0.1208       0.0000       0.0020       0.8310
Sella  62 13:41:32  -179859.343676       0.1076       0.0000       0.0020       0.5715
Sella  63 13:51:15  -179859.345008       0.0880       0.0000       0.0020       0.7154
Sella  64 14:01:05  -179859.345998       0.0886       0.0000       0.0020       0.9055
Sella  65 14:10:55  -179859.347144       0.0861       0.0000       0.0020       0.9154
Sella  66 14:20:51  -179859.348133       0.0839       0.0000       0.0020       0.7950
Sella  67 14:30:41  -179859.349125       0.1097       0.0000       0.0020       0.8302
Sella  68 14:40:25  -179859.350090       0.1028       0.0000       0.0020       0.8376
Sella  69 14:50:04  -179859.350925       0.1142       0.0000       0.0020       0.8705
Sella  70 14:59:41  -179859.351755       0.1366       0.0000       0.0020       0.9534
Sella  71 15:09:21  -179859.352436       0.1104       0.0000       0.0020       0.5626
Sella  72 15:19:09  -179859.353308       0.1471       0.0000       0.0020       0.8911
Sella  73 15:29:08  -179859.354038       0.1529       0.0000       0.0020       0.8213
Sella  74 15:38:45  -179859.354683       0.1721       0.0000       0.0020       0.8901
Sella  75 15:48:29  -179859.355380       0.1549       0.0000       0.0020       0.8315
     Step     Time          Energy         fmax         cmax       rtrust          rho
Sella   0 00:50:19  -179859.355370       0.1576       0.0000       0.1000       1.0000
Sella   1 12:56:32  -179859.231287       1.5980       0.0000       0.0650      -0.0035
Sella   2 13:06:29  -179859.167225       1.2718       0.0000       0.0423      -0.0026
Sella   3 13:16:07  -179859.127371       0.9349       0.0000       0.0275      -0.0033
Sella   4 13:26:07  -179859.119076       0.8589       0.0000       0.0179      -0.0029
Sella   5 13:35:48  -179859.116344       1.0055       0.0000       0.0116      -0.0015
Sella   6 13:45:36  -179859.126533       0.8868       0.0000       0.0075       0.0160
Sella   7 13:55:19  -179859.135527       0.8934       0.0000       0.0049       0.0358
Sella   8 14:05:06  -179859.140811       0.8611       0.0000       0.0032       0.0652
Sella   9 14:14:50  -179859.145424       0.8304       0.0000       0.0021       0.0925
Sella  10 14:24:40  -179859.150357       0.8195       0.0000       0.0021       0.3598
Sella  11 14:34:12  -179859.154786       0.8092       0.0000       0.0021       0.2439
Sella  12 14:44:06  -179859.159260       0.7972       0.0000       0.0021       0.2252
Sella  13 14:53:43  -179859.163933       0.7901       0.0000       0.0021       0.2717
Sella  14 15:03:34  -179859.168421       0.7894       0.0000       0.0021       0.2738
Sella  15 15:13:26  -179859.173326       0.7648       0.0000       0.0021       0.2973
Sella  16 15:23:08  -179859.177539       0.7846       0.0000       0.0021       0.2797
Sella  17 15:32:54  -179859.182272       0.7771       0.0000       0.0021       0.3655
Sella  18 15:42:42  -179859.187117       0.7494       0.0000       0.0021       0.3814
Sella  19 15:52:32  -179859.192107       0.7360       0.0000       0.0021       0.3132
Sella  20 16:02:11  -179859.196987       0.7399       0.0000       0.0021       0.3297
Sella  21 16:11:49  -179859.201846       0.6965       0.0000       0.0021       0.3902
Sella  22 16:21:50  -179859.206319       0.6717       0.0000       0.0021       0.4549
Sella  23 16:31:28  -179859.210751       0.7049       0.0000       0.0021       0.4110
Sella  24 16:41:03  -179859.215170       0.6523       0.0000       0.0021       0.3474
Sella  25 16:50:44  -179859.219840       0.6646       0.0000       0.0021       0.5328
Sella  26 17:00:36  -179859.224787       0.6437       0.0000       0.0021       0.5350
Sella  27 17:10:20  -179859.229779       0.6561       0.0000       0.0021       0.5036
Sella  28 17:20:14  -179859.235051       0.6373       0.0000       0.0021       0.4964
Sella  29 17:30:01  -179859.240247       0.6430       0.0000       0.0021       0.6151
Sella  30 17:39:52  -179859.246081       0.6210       0.0000       0.0021       0.6352
Sella  31 17:49:33  -179859.252117       0.5805       0.0000       0.0021       0.6714
Sella  32 17:59:16  -179859.257515       0.5583       0.0000       0.0021       0.8716
Sella  33 18:09:10  -179859.262531       0.5303       0.0000       0.0021       0.8961
Sella  34 18:18:52  -179859.268694       0.5260       0.0000       0.0021       0.8698
Sella  35 18:28:26  -179859.273976       0.4887       0.0000       0.0024       0.9763
Sella  36 18:38:21  -179859.279691       0.4958       0.0000       0.0024       0.9358
Sella  37 18:48:06  -179859.284663       0.4788       0.0000       0.0024       0.8929
Sella  38 18:57:54  -179859.289630       0.4190       0.0000       0.0027       0.9855
Sella  39 19:07:39  -179859.295559       0.3839       0.0000       0.0027       0.7912
Sella  40 19:17:23  -179859.301434       0.3747       0.0000       0.0027       0.9199
Sella  41 19:27:13  -179859.306842       0.3110       0.0000       0.0027       0.9392
Sella  42 19:36:51  -179859.311973       0.3040       0.0000       0.0027       0.9634
Sella  43 19:46:36  -179859.316499       0.2960       0.0000       0.0032       0.9719
Sella  44 19:56:23  -179859.321361       0.2647       0.0000       0.0032       0.9076
Sella  45 20:06:02  -179859.325913       0.2416       0.0000       0.0032       0.9105
Sella  46 20:15:49  -179859.329789       0.2447       0.0000       0.0032       0.9414
Sella  47 20:25:47  -179859.333070       0.2106       0.0000       0.0036       1.0028
Sella  48 20:35:42  -179859.337103       0.2177       0.0000       0.0036       0.7464
Sella  49 20:45:26  -179859.340586       0.1950       0.0000       0.0042       0.9769
Sella  50 20:55:08  -179859.343950       0.1969       0.0000       0.0042       0.8461
Sella  51 21:04:51  -179859.346962       0.1667       0.0000       0.0042       0.6312
Sella  52 21:14:32  -179859.349488       0.1511       0.0000       0.0042       0.5191
Sella  53 21:24:16  -179859.351501       0.1615       0.0000       0.0042       0.4255
Sella  54 21:34:14  -179859.353925       0.1620       0.0000       0.0042       0.7123
Sella  55 21:43:58  -179859.355797       0.1166       0.0000       0.0042       0.8817
Sella  56 21:53:37  -179859.357635       0.1127       0.0000       0.0042       0.6422
Sella  57 22:03:24  -179859.359399       0.1203       0.0000       0.0042       0.7421
Sella  58 22:13:11  -179859.360919       0.1016       0.0000       0.0042       0.6137
Sella  59 22:22:47  -179859.362105       0.1116       0.0000       0.0042       0.5793
Sella  60 22:32:39  -179859.362670       0.0993       0.0000       0.0042       0.3338
Sella  61 22:42:24  -179859.363531       0.1216       0.0000       0.0042       0.5299
Sella  62 22:52:16  -179859.363618       0.1117       0.0000       0.0027       0.0604
Sella  63 23:02:01  -179859.364382       0.1103       0.0000       0.0027       0.7682
Sella  64 23:11:42  -179859.365068       0.1130       0.0000       0.0027       0.5665
Sella  65 23:21:32  -179859.365466       0.1169       0.0000       0.0027       0.6043
Sella  66 23:31:28  -179859.366261       0.1113       0.0000       0.0031       1.0063
Sella  67 23:41:17  -179859.367166       0.1416       0.0000       0.0031       0.6665
Sella  68 23:51:09  -179859.368015       0.1278       0.0000       0.0031       0.7943
Sella  69 00:00:50  -179859.369084       0.1119       0.0000       0.0031       0.6997
Sella  70 00:10:35  -179859.369799       0.0927       0.0000       0.0031       0.6503
Sella  71 00:20:14  -179859.370741       0.1170       0.0000       0.0031       0.7640
Sella  72 00:30:04  -179859.371345       0.1226       0.0000       0.0031       0.8532
Sella  73 00:39:39  -179859.372034       0.0974       0.0000       0.0031       0.5747
     Step     Time          Energy         fmax         cmax       rtrust          rho
Sella   0 21:46:28  -179859.372036       0.1244       0.0000       0.1000       1.0000
Sella   1 09:40:31  -179859.180289       1.2971       0.0000       0.0650      -0.0033
Sella   2 09:50:18  -179859.165106       0.8871       0.0000       0.0423      -0.0009
Sella   3 10:00:02  -179859.171705       0.8602       0.0000       0.0275       0.0007
Sella   4 10:09:38  -179859.186695       0.6250       0.0000       0.0179       0.0047
Sella   5 10:19:22  -179859.183844       0.9179       0.0000       0.0116      -0.0023
Sella   6 10:29:15  -179859.190034       0.7084       0.0000       0.0075       0.0102
Sella   7 10:38:56  -179859.194474       0.7143       0.0000       0.0049       0.0159
Sella   8 10:48:46  -179859.199562       0.6077       0.0000       0.0032       0.0412
Sella   9 10:58:28  -179859.203305       0.5883       0.0000       0.0021       0.0750
Sella  10 11:08:15  -179859.205988       0.5409       0.0000       0.0013       0.1546
Sella  11 11:17:55  -179859.208526       0.5286       0.0000       0.0013       0.4483
Sella  12 11:27:42  -179859.210794       0.4983       0.0000       0.0013       0.2362
Sella  13 11:37:18  -179859.212759       0.5065       0.0000       0.0013       0.2835
Sella  14 11:47:03  -179859.214749       0.4795       0.0000       0.0013       0.2112
Sella  15 11:56:47  -179859.216573       0.4605       0.0000       0.0013       0.2331
Sella  16 12:06:35  -179859.218474       0.4880       0.0000       0.0013       0.2374
Sella  17 12:16:36  -179859.220250       0.4855       0.0000       0.0013       0.2612
Sella  18 12:26:22  -179859.222432       0.4227       0.0000       0.0013       0.4011
Sella  19 12:36:12  -179859.224520       0.4318       0.0000       0.0013       0.2274
Sella  20 12:46:07  -179859.226672       0.4855       0.0000       0.0013       0.3530
Sella  21 12:55:41  -179859.229140       0.4131       0.0000       0.0013       0.6465
Sella  22 13:05:40  -179859.231508       0.4384       0.0000       0.0013       0.5052
Sella  23 13:15:34  -179859.233848       0.4236       0.0000       0.0013       0.4965
Sella  24 13:25:21  -179859.236208       0.4339       0.0000       0.0013       0.3439
Sella  25 13:34:59  -179859.238729       0.4178       0.0000       0.0013       0.6271
Sella  26 13:44:48  -179859.241336       0.4252       0.0000       0.0013       0.5507
Sella  27 13:54:37  -179859.244150       0.4111       0.0000       0.0013       0.5807
Sella  28 14:04:36  -179859.246969       0.4368       0.0000       0.0013       0.7946
Sella  29 14:14:27  -179859.250024       0.4106       0.0000       0.0013       0.6661
Sella  30 14:24:19  -179859.252939       0.4042       0.0000       0.0013       0.6434
Sella  31 14:34:08  -179859.256076       0.3985       0.0000       0.0013       0.9208
Sella  32 14:43:46  -179859.259189       0.3425       0.0000       0.0013       0.8860
Sella  33 14:53:36  -179859.262564       0.3841       0.0000       0.0013       0.9476
Sella  34 15:03:21  -179859.265665       0.3529       0.0000       0.0013       0.9586
Sella  35 15:13:17  -179859.269014       0.3368       0.0000       0.0013       0.9557
Sella  36 15:23:04  -179859.272152       0.3316       0.0000       0.0013       0.9495
Sella  37 15:32:59  -179859.275310       0.3219       0.0000       0.0013       0.9615
Sella  38 15:42:42  -179859.278320       0.3102       0.0000       0.0013       0.9437
Sella  39 15:52:20  -179859.281417       0.3198       0.0000       0.0013       0.9014
Sella  40 16:02:27  -179859.284276       0.2995       0.0000       0.0013       0.9540
Sella  41 16:12:16  -179859.287175       0.2844       0.0000       0.0013       0.9582
Sella  42 16:22:18  -179859.290124       0.3036       0.0000       0.0013       0.9384
Sella  43 16:32:00  -179859.292733       0.2880       0.0000       0.0013       0.9420
Sella  44 16:41:38  -179859.295204       0.2900       0.0000       0.0015       0.9693
Sella  45 16:51:19  -179859.297885       0.2872       0.0000       0.0015       0.9485
Sella  46 17:00:54  -179859.300474       0.2701       0.0000       0.0015       0.9374
Sella  47 17:10:34  -179859.303166       0.2931       0.0000       0.0018       0.9786
Sella  48 17:20:23  -179859.305802       0.2499       0.0000       0.0018       0.8763
Sella  49 17:30:06  -179859.308506       0.2338       0.0000       0.0020       0.9760
Sella  50 17:39:47  -179859.311466       0.2541       0.0000       0.0020       0.8791
Sella  51 17:49:38  -179859.314313       0.2530       0.0000       0.0020       0.9287
Sella  52 17:59:19  -179859.317335       0.2482       0.0000       0.0020       0.8811
Sella  53 18:09:05  -179859.319680       0.2001       0.0000       0.0020       0.9476
Sella  54 18:18:45  -179859.322258       0.2280       0.0000       0.0024       0.9943
Sella  55 18:28:44  -179859.324713       0.2436       0.0000       0.0024       0.8805
Sella  56 18:38:25  -179859.327196       0.2322       0.0000       0.0024       0.9096
Sella  57 18:48:13  -179859.329542       0.2219       0.0000       0.0024       0.9495
Sella  58 18:58:07  -179859.332014       0.2022       0.0000       0.0024       0.9256
Sella  59 19:07:47  -179859.334321       0.2073       0.0000       0.0024       0.9353
Sella  60 19:17:24  -179859.336366       0.1996       0.0000       0.0024       0.9413
Sella  61 19:27:03  -179859.338411       0.2040       0.0000       0.0024       0.9227
Sella  62 19:36:56  -179859.340306       0.2017       0.0000       0.0024       0.9138
Sella  63 19:46:36  -179859.342218       0.1912       0.0000       0.0024       0.9114
Sella  64 19:56:27  -179859.344126       0.1999       0.0000       0.0024       0.8953
Sella  65 20:06:05  -179859.345935       0.1923       0.0000       0.0024       0.8748
Sella  66 20:15:46  -179859.347525       0.1631       0.0000       0.0024       0.9194
Sella  67 20:25:35  -179859.349128       0.1709       0.0000       0.0024       0.9161
Sella  68 20:35:20  -179859.350864       0.1776       0.0000       0.0024       0.9325
Sella  69 20:44:56  -179859.352403       0.1670       0.0000       0.0024       0.9223
Sella  70 20:54:40  -179859.353755       0.1607       0.0000       0.0024       0.8182
Sella  71 21:04:28  -179859.355225       0.1246       0.0000       0.0024       0.8491
Sella  72 21:14:11  -179859.356600       0.1277       0.0000       0.0024       0.9021
Sella  73 21:23:56  -179859.357876       0.1391       0.0000       0.0024       0.9007
Sella  74 21:33:30  -179859.359052       0.0918       0.0000       0.0024       0.8085
     Step     Time          Energy         fmax         cmax       rtrust          rho
Sella   0 21:52:52  -179859.359054       0.0968       0.0000       0.1000       1.0000
Sella   1 09:59:38  -179859.196901       1.0915       0.0000       0.0650      -0.0022
Sella   2 10:09:33  -179859.182888       0.8201       0.0000       0.0423      -0.0008
Sella   3 10:19:44  -179859.167486       1.0974       0.0000       0.0275      -0.0017
Sella   4 10:29:43  -179859.166272       0.6949       0.0000       0.0179      -0.0003
Sella   5 10:39:43  -179859.162373       0.9090       0.0000       0.0116      -0.0024
Sella   6 10:49:44  -179859.166173       0.8093       0.0000       0.0075       0.0069
Sella   7 10:59:40  -179859.170201       0.6287       0.0000       0.0049       0.0127
Sella   8 11:09:36  -179859.176311       0.6458       0.0000       0.0032       0.0715
Sella   9 11:19:28  -179859.179156       0.6339       0.0000       0.0021       0.0550
Sella  10 11:29:30  -179859.182305       0.6010       0.0000       0.0013       0.1167
Sella  11 11:39:22  -179859.185491       0.6355       0.0000       0.0013       0.3262
Sella  12 11:49:16  -179859.187977       0.6129       0.0000       0.0013       0.2544
Sella  13 11:59:03  -179859.190629       0.5863       0.0000       0.0013       0.3146
Sella  14 12:08:58  -179859.192982       0.6069       0.0000       0.0013       0.3648
Sella  15 12:18:48  -179859.195080       0.6227       0.0000       0.0013       0.3267
Sella  16 12:28:40  -179859.197616       0.6172       0.0000       0.0013       0.3297
Sella  17 12:38:47  -179859.200139       0.5982       0.0000       0.0013       0.3250
Sella  18 12:48:49  -179859.202618       0.6058       0.0000       0.0013       0.3335
Sella  19 12:58:36  -179859.205032       0.5726       0.0000       0.0013       0.4938
Sella  20 13:08:37  -179859.207411       0.5964       0.0000       0.0013       0.3337
Sella  21 13:18:25  -179859.209841       0.5822       0.0000       0.0013       0.5449
Sella  22 13:28:06  -179859.212603       0.6148       0.0000       0.0013       0.4806
Sella  23 13:37:51  -179859.215395       0.5651       0.0000       0.0013       0.4616
Sella  24 13:47:41  -179859.218055       0.6028       0.0000       0.0013       0.5863
Sella  25 13:57:41  -179859.220988       0.5872       0.0000       0.0013       0.5666
Sella  26 14:07:49  -179859.223822       0.5922       0.0000       0.0013       0.4972
Sella  27 14:17:39  -179859.227095       0.5567       0.0000       0.0013       0.8373
Sella  28 14:27:32  -179859.230542       0.5489       0.0000       0.0013       0.6783
Sella  29 14:37:29  -179859.234035       0.5364       0.0000       0.0013       0.7746
Sella  30 14:47:14  -179859.237524       0.5292       0.0000       0.0013       0.9386
Sella  31 14:57:17  -179859.241157       0.5557       0.0000       0.0015       0.9926
Sella  32 15:07:12  -179859.245034       0.5024       0.0000       0.0015       0.9620
Sella  33 15:16:57  -179859.249003       0.5256       0.0000       0.0015       0.9527
Sella  34 15:26:50  -179859.252727       0.5064       0.0000       0.0018       0.9803
Sella  35 15:36:59  -179859.256952       0.4660       0.0000       0.0020       1.0018
Sella  36 15:46:47  -179859.261954       0.5001       0.0000       0.0020       0.9510
Sella  37 15:56:40  -179859.266287       0.4669       0.0000       0.0024       0.9696
Sella  38 16:06:25  -179859.271463       0.4493       0.0000       0.0027       0.9688
Sella  39 16:16:22  -179859.277334       0.4304       0.0000       0.0027       0.7138
Sella  40 16:26:15  -179859.282720       0.4002       0.0000       0.0027       0.9281
Sella  41 16:36:12  -179859.288334       0.3775       0.0000       0.0027       0.9401
Sella  42 16:45:57  -179859.293394       0.3773       0.0000       0.0027       0.9400
Sella  43 16:55:50  -179859.298161       0.3971       0.0000       0.0031       0.9715
Sella  44 17:05:46  -179859.302775       0.3553       0.0000       0.0031       0.8432
Sella  45 17:15:30  -179859.307916       0.3677       0.0000       0.0031       0.9579
Sella  46 17:25:21  -179859.312525       0.3680       0.0000       0.0031       0.9427
Sella  47 17:35:26  -179859.316705       0.3319       0.0000       0.0036       0.9825
Sella  48 17:45:21  -179859.321754       0.3498       0.0000       0.0041       0.9793
Sella  49 17:55:07  -179859.326739       0.3437       0.0000       0.0041       0.9588
Sella  50 18:04:55  -179859.331319       0.2971       0.0000       0.0041       0.9074
Sella  51 18:14:48  -179859.336148       0.2879       0.0000       0.0041       0.6570
Sella  52 18:24:49  -179859.340420       0.2586       0.0000       0.0041       0.9224
Sella  53 18:34:39  -179859.344333       0.2294       0.0000       0.0041       0.9291
Sella  54 18:44:48  -179859.348328       0.1967       0.0000       0.0041       0.6867
Sella  55 18:54:46  -179859.352148       0.2008       0.0000       0.0041       0.6835
Sella  56 19:04:51  -179859.355533       0.1500       0.0000       0.0041       0.8102
Sella  57 19:14:53  -179859.358635       0.1711       0.0000       0.0041       0.5942
Sella  58 19:25:04  -179859.361779       0.1518       0.0000       0.0041       0.7682
Sella  59 19:35:01  -179859.363948       0.1504       0.0000       0.0041       0.5438
Sella  60 19:45:03  -179859.366843       0.1568       0.0000       0.0041       0.7779
Sella  61 19:55:02  -179859.369332       0.1497       0.0000       0.0041       0.8337
Sella  62 20:05:06  -179859.371748       0.1486       0.0000       0.0041       0.8299
Sella  63 20:15:01  -179859.374020       0.1514       0.0000       0.0041       0.7600
Sella  64 20:24:56  -179859.376524       0.1581       0.0000       0.0041       0.8558
Sella  65 20:34:52  -179859.379193       0.1584       0.0000       0.0041       0.8450
Sella  66 20:44:40  -179859.381413       0.1483       0.0000       0.0041       0.8229
Sella  67 20:54:36  -179859.383546       0.1192       0.0000       0.0041       0.9065
Sella  68 21:04:28  -179859.385875       0.1512       0.0000       0.0041       0.7776
Sella  69 21:14:19  -179859.387738       0.1078       0.0000       0.0041       0.8382
Sella  70 21:24:09  -179859.389427       0.0874       0.0000       0.0041       0.7722
Sella  71 21:34:09  -179859.390979       0.0924       0.0000       0.0041       0.8200
