      Step     Time          Energy         fmax
*Force-consistent energies used in optimization.
FIRE:    0 23:03:37  -175268.236423*       4.1707
FIRE:    1 23:26:56  -175268.285839*       5.1381
FIRE:    2 23:50:40  -175268.267277*       3.3169
FIRE:    3 00:13:58  -175268.231184*       6.1877
FIRE:    4 00:36:38  -175268.238675*       6.6649
FIRE:    5 00:59:19  -175268.239924*       7.0756
FIRE:    6 01:21:59  -175268.254650*       4.4632
FIRE:    7 01:44:22  -175268.266430*       3.9747
FIRE:    8 02:06:34  -175268.269429*       5.0968
FIRE:    9 02:29:46  -175268.270843*       3.9908
FIRE:   10 02:53:01  -175268.271747*       7.5702
FIRE:   11 03:16:21  -175268.271979*       6.6468
FIRE:   12 03:39:53  -175268.271926*       8.0979
FIRE:   13 04:03:15  -175268.273312*       3.1869
FIRE:   14 04:26:24  -175268.272999*       4.2482
FIRE:   15 04:49:30  -175268.274597*       2.9123
FIRE:   16 05:12:26  -175268.274771*       4.2653
FIRE:   17 05:35:28  -175268.274840*       5.3830
FIRE:   18 05:58:20  -175268.274902*       4.1287
FIRE:   19 06:21:11  -175268.274889*       4.8379
FIRE:   20 06:43:46  -175268.274685*       5.7255
FIRE:   21 07:07:19  -175268.274852*       6.5330
FIRE:   22 07:29:44  -175268.272582*       2.4721
FIRE:   23 07:52:29  -175268.275756*       5.8789
FIRE:   24 08:14:43  -175268.276269*       2.7689
FIRE:   25 08:38:33  -175268.277082*       3.8339
FIRE:   26 09:00:55  -175268.274985*       8.4505
FIRE:   27 09:23:30  -175268.274859*       7.4592
FIRE:   28 09:46:13  -175268.275015*       3.9641
FIRE:   29 10:09:23  -175268.274943*       2.8058
FIRE:   30 10:32:01  -175268.275078*       3.0498
FIRE:   31 10:55:06  -175268.274994*       2.9730
FIRE:   32 11:17:40  -175268.275039*       4.2031
FIRE:   33 11:40:22  -175268.274918*       3.4443
FIRE:   34 12:03:02  -175268.274959*       3.4160
FIRE:   35 12:26:16  -175268.274991*       3.4236
FIRE:   36 12:48:56  -175268.275028*       3.0817
FIRE:   37 13:11:38  -175268.275336*       2.7958
FIRE:   38 13:34:02  -175268.275466*       7.5416
FIRE:   39 13:56:24  -175268.275487*       8.7558
FIRE:   40 14:19:17  -175268.275332*       7.2604
FIRE:   41 14:41:49  -175268.275700*       8.0703
FIRE:   42 15:04:08  -175268.275709*       7.6122
FIRE:   43 15:27:28  -175268.275259*       3.7697
FIRE:   44 15:50:34  -175268.275671*       4.0189
FIRE:   45 16:13:10  -175268.275364*       2.8894
FIRE:   46 16:36:21  -175268.275495*       3.6994
FIRE:   47 16:59:01  -175268.275450*       3.0773
FIRE:   48 17:22:17  -175268.275513*       2.8803
FIRE:   49 17:45:02  -175268.275601*       2.8834
FIRE:   50 18:07:42  -175268.275581*       4.0177
FIRE:   51 18:30:20  -175268.275619*       3.6026
FIRE:   52 18:53:32  -175268.275645*       3.9890
FIRE:   53 19:16:02  -175268.275818*       5.8178
FIRE:   54 19:38:25  -175268.276002*       3.2209
FIRE:   55 20:01:13  -175268.275762*       3.0295
FIRE:   56 20:24:19  -175268.275800*       2.9428
FIRE:   57 20:46:51  -175268.275735*       4.0896
FIRE:   58 21:09:27  -175268.275795*       2.9677
FIRE:   59 21:32:01  -175268.275688*       2.9257
FIRE:   60 21:55:19  -175268.275978*       3.8806
FIRE:   61 22:17:56  -175268.275761*       3.0159
      Step     Time          Energy         fmax
*Force-consistent energies used in optimization.
FIRE:    0 11:43:56  -175268.275749*       3.0267
FIRE:    1 12:07:11  -175268.381210*       7.0723
FIRE:    2 12:30:27  -175268.681770*       6.7007
FIRE:    3 12:53:44  -175269.091045*       6.1744
FIRE:    4 13:16:46  -175269.501494*       7.6913
FIRE:    5 13:39:23  -175269.581362*       7.1581
FIRE:    6 14:02:54  -175269.481378*       5.2546
FIRE:    7 14:25:48  -175269.366058*       5.8839
FIRE:    8 14:48:57  -175269.409340*       9.0290
FIRE:    9 15:12:20  -175269.493610*       6.0061
FIRE:   10 15:35:49  -175269.695873*       4.8949
FIRE:   11 15:58:20  -175269.692702*       3.9075
FIRE:   12 16:21:47  -175269.690303*       6.3935
FIRE:   13 16:44:36  -175269.685444*       4.0274
FIRE:   14 17:07:47  -175269.680665*       5.1845
FIRE:   15 17:30:55  -175269.688487*       3.6376
FIRE:   16 17:54:50  -175269.703653*       3.1783
FIRE:   17 18:17:48  -175269.716084*       3.4120
FIRE:   18 18:41:47  -175269.722994*       3.5902
FIRE:   19 19:04:56  -175269.724729*       2.7813
FIRE:   20 19:28:03  -175269.728513*       3.1645
FIRE:   21 19:51:34  -175269.782437*       2.5214
FIRE:   22 20:15:35  -175269.804724*       2.0632
FIRE:   23 20:38:44  -175269.783181*       3.6580
FIRE:   24 21:01:54  -175269.724267*       5.5163
FIRE:   25 21:25:37  -175269.615905*       3.2787
FIRE:   26 21:49:11  -175269.620199*       6.8100
FIRE:   27 22:12:16  -175269.621232*       4.9750
FIRE:   28 22:35:45  -175269.623926*       2.9595
FIRE:   29 22:59:28  -175269.622826*       4.1086
FIRE:   30 23:23:34  -175269.620828*       6.0675
FIRE:   31 23:48:15  -175269.621804*       4.2241
FIRE:   32 00:12:21  -175269.621305*       4.8083
FIRE:   33 00:36:46  -175269.621843*       2.4758
FIRE:   34 01:01:29  -175269.622022*       3.1228
FIRE:   35 01:26:07  -175269.621692*       3.2519
FIRE:   36 01:50:42  -175269.623178*       4.2437
FIRE:   37 02:15:16  -175269.623881*       3.6380
FIRE:   38 02:39:36  -175269.620422*       4.5180
FIRE:   39 03:04:13  -175269.620077*       5.4924
FIRE:   40 03:28:32  -175269.619816*       4.8342
FIRE:   41 03:52:49  -175269.620358*       6.2820
FIRE:   42 04:17:55  -175269.619900*       3.1765
FIRE:   43 04:42:25  -175269.620240*       4.5331
FIRE:   44 05:06:52  -175269.619902*       3.7340
FIRE:   45 05:31:15  -175269.620458*       3.0373
FIRE:   46 05:55:56  -175269.619889*       4.9387
FIRE:   47 06:20:38  -175269.619881*       3.4201
FIRE:   48 06:45:04  -175269.619893*       4.2789
FIRE:   49 07:09:48  -175269.619907*       4.2806
FIRE:   50 07:33:43  -175269.620437*       6.5975
FIRE:   51 07:58:18  -175269.620171*       3.5672
FIRE:   52 08:22:12  -175269.620122*       2.0468
FIRE:   53 08:47:18  -175269.619819*       4.0967
FIRE:   54 09:12:15  -175269.619945*       5.5993
FIRE:   55 09:36:23  -175269.620276*       4.3251
FIRE:   56 10:00:19  -175269.620130*       4.0197
FIRE:   57 10:24:19  -175269.619915*       2.6233
FIRE:   58 10:48:39  -175269.619950*       3.6855
FIRE:   59 11:12:50  -175269.619749*       4.7536
      Step     Time          Energy         fmax
*Force-consistent energies used in optimization.
FIRE:    0 13:51:23  -175269.619647*       4.0813
FIRE:    1 14:15:54  -175269.550401*       4.6173
FIRE:    2 14:40:33  -175269.832534*       6.0941
FIRE:    3 15:04:58  -175269.776830*       4.1379
FIRE:    4 15:29:21  -175269.661351*       2.5996
FIRE:    5 15:54:53  -175269.658760*       4.1624
FIRE:    6 16:20:10  -175269.656170*       3.5401
FIRE:    7 16:45:52  -175269.655671*       3.6728
FIRE:    8 17:11:17  -175269.655601*       3.7380
FIRE:    9 17:36:58  -175269.655312*       1.6778
FIRE:   10 18:02:28  -175269.654886*       2.7421
FIRE:   11 18:27:56  -175269.654815*       4.6587
FIRE:   12 18:53:31  -175269.655456*       5.2991
FIRE:   13 19:18:41  -175269.654845*       3.3695
FIRE:   14 19:43:55  -175269.655386*       4.6412
FIRE:   15 20:09:03  -175269.655161*       5.1121
FIRE:   16 20:34:44  -175269.655432*       2.5718
FIRE:   17 20:59:38  -175269.655287*       4.0382
FIRE:   18 21:25:36  -175269.655436*       3.5170
FIRE:   19 21:50:35  -175269.654964*       4.0999
FIRE:   20 22:15:50  -175269.655314*       5.4620
FIRE:   21 22:40:47  -175269.655276*       5.1903
FIRE:   22 23:06:17  -175269.654607*       4.8680
FIRE:   23 23:31:31  -175269.655324*       5.1299
FIRE:   24 23:58:04  -175269.655313*       5.1157
FIRE:   25 00:22:59  -175269.655787*       5.8352
FIRE:   26 00:48:05  -175269.654996*       4.8659
FIRE:   27 01:13:09  -175269.655089*       4.8313
FIRE:   28 01:37:42  -175269.655105*       4.1996
FIRE:   29 02:02:52  -175269.654784*       5.2889
FIRE:   30 02:28:22  -175269.655406*       5.0026
FIRE:   31 02:53:16  -175269.655077*       4.5215
FIRE:   32 03:17:51  -175269.654792*       4.2005
FIRE:   33 03:43:03  -175269.655069*       4.8406
FIRE:   34 04:09:19  -175269.655187*       4.6475
FIRE:   35 04:34:09  -175269.655475*       2.3282
FIRE:   36 04:59:33  -175269.655191*       5.3525
FIRE:   37 05:10:00  -175269.655191*       1.9108
FIRE:   38 05:30:23  -175269.654737*       5.2188
FIRE:   39 05:55:25  -175269.654900*       4.4028
FIRE:   40 05:55:25  -175269.654900*       4.4028
FIRE:   41 06:00:39  -175269.654900*       4.4028
FIRE:   42 06:16:21  -175269.654900*       5.0967
FIRE:   43 06:16:21  -175269.654900*       5.0967
FIRE:   44 06:16:21  -175269.654900*       5.0967
FIRE:   45 06:16:21  -175269.654900*       5.0967
FIRE:   46 06:16:21  -175269.654900*       5.0967
FIRE:   47 06:16:21  -175269.654900*       5.0967
FIRE:   48 06:32:13  -175269.654900*       4.1301
FIRE:   49 06:32:13  -175269.654900*       4.1301
FIRE:   50 06:38:06  -175269.654900*       3.5262
FIRE:   51 06:48:10  -175269.654922*       3.5262
FIRE:   52 07:03:16  -175269.654922*       1.8730
FIRE:   53 07:19:25  -175269.654922*       4.8171
FIRE:   54 07:40:01  -175269.654944*       3.9459
FIRE:   55 07:40:01  -175269.654944*       3.9459
FIRE:   56 07:40:02  -175269.654944*       3.9459
FIRE:   57 07:40:02  -175269.654944*       3.9459
FIRE:   58 07:40:02  -175269.654944*       3.9459
FIRE:   59 07:40:02  -175269.654944*       3.9459
FIRE:   60 07:40:02  -175269.654944*       3.9459
FIRE:   61 07:40:02  -175269.654944*       3.9459
FIRE:   62 07:50:58  -175269.654944*       4.6724
FIRE:   63 07:50:59  -175269.654944*       4.6724
FIRE:   64 07:50:59  -175269.654944*       4.6724
FIRE:   65 07:50:59  -175269.654944*       4.6724
FIRE:   66 07:50:59  -175269.654944*       4.6724
FIRE:   67 07:50:59  -175269.654944*       4.6724
FIRE:   68 07:50:59  -175269.654944*       4.6724
FIRE:   69 07:55:59  -175269.654944*       4.6724
FIRE:   70 07:55:59  -175269.654944*       4.6724
FIRE:   71 07:55:59  -175269.654944*       4.6724
FIRE:   72 07:55:59  -175269.654944*       4.6724
FIRE:   73 07:55:59  -175269.654944*       4.6724
FIRE:   74 08:01:15  -175269.654944*       4.6724
FIRE:   75 08:01:15  -175269.654944*       4.6724
FIRE:   76 08:12:20  -175269.654944*       3.2714
FIRE:   77 08:12:21  -175269.654944*       3.2714
FIRE:   78 08:12:21  -175269.654944*       3.2714
FIRE:   79 08:12:21  -175269.654944*       3.2714
FIRE:   80 08:12:21  -175269.654944*       3.2714
FIRE:   81 08:12:21  -175269.654944*       3.2714
FIRE:   82 08:17:25  -175269.654944*       3.2714
FIRE:   83 08:17:25  -175269.654944*       3.2714
FIRE:   84 08:27:28  -175269.655074*       3.2714
FIRE:   85 08:27:28  -175269.655074*       3.2714
FIRE:   86 08:27:28  -175269.655074*       3.2714
FIRE:   87 08:27:28  -175269.655074*       3.2714
FIRE:   88 08:27:28  -175269.655074*       3.2714
FIRE:   89 08:32:44  -175269.655074*       3.2714
FIRE:   90 08:38:03  -175269.655074*       3.2714
FIRE:   91 08:43:51  -175269.655074*       3.1554
FIRE:   92 08:43:52  -175269.655074*       3.1554
FIRE:   93 08:43:52  -175269.655074*       3.1554
FIRE:   94 08:43:52  -175269.655074*       3.1554
FIRE:   95 08:43:52  -175269.655074*       3.1554
FIRE:   96 08:43:52  -175269.655074*       3.1554
FIRE:   97 08:43:52  -175269.655074*       3.1554
FIRE:   98 08:43:53  -175269.655074*       3.1554
FIRE:   99 08:43:53  -175269.655074*       3.1554
FIRE:  100 08:43:53  -175269.655074*       3.1554
FIRE:  101 08:49:12  -175269.655074*       3.1554
FIRE:  102 08:54:27  -175269.655074*       4.0626
FIRE:  103 08:54:27  -175269.655074*       4.0626
FIRE:  104 08:54:27  -175269.655074*       4.0626
FIRE:  105 09:04:40  -175269.655074*       3.2770
FIRE:  106 09:09:31  -175269.654963*       3.2770
FIRE:  107 09:25:04  -175269.654963*       4.4331
FIRE:  108 09:25:04  -175269.654963*       4.4331
FIRE:  109 09:25:05  -175269.654963*       4.4331
FIRE:  110 09:25:05  -175269.654963*       4.4331
FIRE:  111 09:25:05  -175269.654963*       4.4331
FIRE:  112 09:25:05  -175269.654963*       4.4331
FIRE:  113 09:25:05  -175269.654963*       4.4331
FIRE:  114 09:25:05  -175269.654963*       4.4331
FIRE:  115 09:25:05  -175269.654963*       4.4331
FIRE:  116 09:25:05  -175269.654963*       4.4331
FIRE:  117 09:30:22  -175269.654963*       4.4331
FIRE:  118 09:40:30  -175269.654963*       4.7645
FIRE:  119 09:40:30  -175269.654963*       4.7645
FIRE:  120 09:40:31  -175269.654963*       4.7645
FIRE:  121 09:40:31  -175269.654963*       4.7645
FIRE:  122 09:40:31  -175269.654963*       4.7645
FIRE:  123 09:40:31  -175269.654963*       4.7645
FIRE:  124 09:40:31  -175269.654963*       4.7645
FIRE:  125 09:45:31  -175269.654963*       4.7645
FIRE:  126 09:45:31  -175269.654963*       4.7645
FIRE:  127 09:45:31  -175269.654963*       4.7645
FIRE:  128 09:45:31  -175269.654963*       4.7645
FIRE:  129 09:50:43  -175269.654963*       4.7645
FIRE:  130 09:50:43  -175269.654963*       4.7645
FIRE:  131 09:50:43  -175269.654963*       4.7645
FIRE:  132 09:55:38  -175269.654963*       4.7645
FIRE:  133 10:06:08  -175269.655128*       5.6030
FIRE:  134 10:11:28  -175269.655128*       5.6030
FIRE:  135 10:21:48  -175269.655128*       4.3573
FIRE:  136 10:21:48  -175269.655128*       4.3573
FIRE:  137 10:21:48  -175269.655128*       4.3573
FIRE:  138 10:21:48  -175269.655128*       4.3573
FIRE:  139 10:21:48  -175269.655128*       4.3573
FIRE:  140 10:21:49  -175269.655128*       4.3573
FIRE:  141 10:21:49  -175269.655128*       4.3573
FIRE:  142 10:21:49  -175269.655128*       4.3573
FIRE:  143 10:27:03  -175269.655128*       4.3573
FIRE:  144 10:32:16  -175269.655128*       4.2669
FIRE:  145 10:32:16  -175269.655128*       4.2669
FIRE:  146 10:32:16  -175269.655128*       4.2669
FIRE:  147 10:42:39  -175269.655128*       2.2684
FIRE:  148 10:42:39  -175269.655128*       2.2684
FIRE:  149 10:42:39  -175269.655128*       2.2684
FIRE:  150 10:47:56  -175269.655128*       2.2684
FIRE:  151 10:47:56  -175269.655128*       2.2684
FIRE:  152 10:47:56  -175269.655128*       2.2684
FIRE:  153 10:47:56  -175269.655128*       2.2684
FIRE:  154 10:47:56  -175269.655128*       2.2684
FIRE:  155 10:52:33  -175269.655128*       2.2684
FIRE:  156 10:52:33  -175269.655128*       2.2684
FIRE:  157 10:52:33  -175269.655128*       2.2684
FIRE:  158 10:52:33  -175269.655128*       2.2684
FIRE:  159 10:52:33  -175269.655128*       2.2684
FIRE:  160 11:02:47  -175269.655128*       1.9215
FIRE:  161 11:02:48  -175269.655128*       1.9215
FIRE:  162 11:02:48  -175269.655128*       1.9215
FIRE:  163 11:17:59  -175269.654681*       2.8181
FIRE:  164 11:17:59  -175269.654681*       2.8181
FIRE:  165 11:28:17  -175269.654681*       3.7240
FIRE:  166 11:28:18  -175269.654681*       3.7240
FIRE:  167 11:28:18  -175269.654681*       3.7240
FIRE:  168 11:28:18  -175269.654681*       3.7240
FIRE:  169 11:28:18  -175269.654681*       3.7240
FIRE:  170 11:28:18  -175269.654681*       3.7240
FIRE:  171 11:28:18  -175269.654681*       3.7240
FIRE:  172 11:28:18  -175269.654681*       3.7240
FIRE:  173 11:28:19  -175269.654681*       3.7240
FIRE:  174 11:33:33  -175269.654681*       2.0749
FIRE:  175 11:33:33  -175269.654681*       2.0749
FIRE:  176 11:33:33  -175269.654681*       2.0749
FIRE:  177 11:33:33  -175269.654681*       2.0749
FIRE:  178 11:33:34  -175269.654681*       2.0749
FIRE:  179 11:38:49  -175269.654681*       4.1969
FIRE:  180 11:38:49  -175269.654681*       4.1969
FIRE:  181 11:38:49  -175269.654681*       4.1969
FIRE:  182 11:38:50  -175269.654681*       4.1969
FIRE:  183 11:38:50  -175269.654681*       4.1969
FIRE:  184 11:38:50  -175269.654681*       4.1969
FIRE:  185 11:38:50  -175269.654681*       4.1969
FIRE:  186 11:44:25  -175269.654681*       4.8725
FIRE:  187 11:44:25  -175269.654681*       4.8725
FIRE:  188 11:44:25  -175269.654681*       4.8725
FIRE:  189 11:54:42  -175269.654681*       4.8725
FIRE:  190 11:54:42  -175269.654681*       4.8725
FIRE:  191 11:54:42  -175269.654681*       4.8725
FIRE:  192 12:09:11  -175269.655068*       4.8725
FIRE:  193 12:20:08  -175269.655068*       5.3883
FIRE:  194 12:30:43  -175269.655068*       5.1142
FIRE:  195 12:30:43  -175269.655068*       5.1142
FIRE:  196 12:30:43  -175269.655068*       5.1142
FIRE:  197 12:30:43  -175269.655068*       5.1142
FIRE:  198 12:30:44  -175269.655068*       5.1142
FIRE:  199 12:30:44  -175269.655068*       5.1142
FIRE:  200 12:36:02  -175269.655068*       5.1142
FIRE:  201 12:36:02  -175269.655068*       5.1142
FIRE:  202 12:36:02  -175269.655068*       5.1142
FIRE:  203 12:36:02  -175269.655068*       5.1142
FIRE:  204 12:47:08  -175269.655068*       2.1559
FIRE:  205 12:52:30  -175269.655068*       2.1559
FIRE:  206 12:57:12  -175269.655077*       2.1559
FIRE:  207 13:14:46  -175269.655077*       2.2768
FIRE:  208 13:14:46  -175269.655077*       2.2768
FIRE:  209 13:14:46  -175269.655077*       2.2768
FIRE:  210 13:14:46  -175269.655077*       2.2768
FIRE:  211 13:14:46  -175269.655077*       2.2768
FIRE:  212 13:14:46  -175269.655077*       2.2768
FIRE:  213 13:14:47  -175269.655077*       2.2768
FIRE:  214 13:14:47  -175269.655077*       2.2768
FIRE:  215 13:14:47  -175269.655077*       2.2768
FIRE:  216 13:14:47  -175269.655077*       2.2768
FIRE:  217 13:20:01  -175269.655077*       3.6665
FIRE:  218 13:25:15  -175269.655077*       3.6665
FIRE:  219 13:25:15  -175269.655077*       3.6665
FIRE:  220 13:25:15  -175269.655077*       3.6665
